#
# A fatal error has been detected by the Java Runtime Environment:
#
#  EXCEPTION_ACCESS_VIOLATION (0xc0000005) at pc=0x57264423, pid=3468, tid=0x00001330
#
# JRE version: Java(TM) SE Runtime Environment (8.0_101-b13) (build 1.8.0_101-b13)
# Java VM: Java HotSpot(TM) Client VM (25.101-b13 mixed mode windows-x86 )
# Problematic frame:
# C  [jfxwebkit.dll+0xa84423]
#
# Failed to write core dump. Minidumps are not enabled by default on client versions of Windows
#
# If you would like to submit a bug report, please visit:
#   http://bugreport.java.com/bugreport/crash.jsp
# The crash happened outside the Java Virtual Machine in native code.
# See problematic frame for where to report the bug.
#

---------------  T H R E A D  ---------------

Current thread (0x4b63c800):  JavaThread "Thread-28" [_thread_in_native, id=4912, stack(0x51e90000,0x51ee0000)]

siginfo: ExceptionCode=0xc0000005, writing address 0xbbadbeef

Registers:
EAX=0x00000000, EBX=0x4dd39db0, ECX=0x00000002, EDX=0x51ee0000
ESP=0x51edf224, EBP=0x51edf37c, ESI=0x4e32f010, EDI=0x4dd39db0
EIP=0x57264423, EFLAGS=0x00010216

Top of Stack: (sp=0x51edf224)
0x51edf224:   5726440b 573d7e9d 00000001 0000000c
0x51edf234:   594e258c 00000005 00000016 80000000
0x51edf244:   51edf368 00000000 594e2a08 593ee835
0x51edf254:   ffffffff 51edf470 594e24c6 00000000
0x51edf264:   51edf470 00000029 594e26fa 80000000
0x51edf274:   51edf470 594e274d 51edf408 51edf2e8
0x51edf284:   51edf358 0063c800 aa34e4db 4b63c800
0x51edf294:   00000000 4b8abd28 4b63c800 4b63c800 

Instructions: (pc=0x57264423)
0x57264403:   04 51 6a 21 6a 00 ff d0 0f b7 c0 eb 02 33 c0 83
0x57264413:   c0 fe 50 8d 44 24 0c 50 e8 50 05 00 00 83 c4 08
0x57264423:   c7 05 ef be ad bb 00 00 00 00 33 c0 ff d0 8b 8c
0x57264433:   24 84 00 00 00 33 cc e8 27 8c 2d 00 81 c4 88 00 


Register to memory mapping:

EAX=0x00000000 is an unknown value
EBX=0x4dd39db0 is an unknown value
ECX=0x00000002 is an unknown value
EDX=0x51ee0000 is pointing into the stack for thread: 0x4b63c800
ESP=0x51edf224 is pointing into the stack for thread: 0x4b63c800
EBP=0x51edf37c is pointing into the stack for thread: 0x4b63c800
ESI=0x4e32f010 is an unknown value
EDI=0x4dd39db0 is an unknown value


Stack: [0x51e90000,0x51ee0000],  sp=0x51edf224,  free space=316k
Native frames: (J=compiled Java code, j=interpreted, Vv=VM code, C=native code)
C  [jfxwebkit.dll+0xa84423]
C  [jfxwebkit.dll+0xbf7e9d]
C  0xfffffffb

Java frames: (J=compiled Java code, j=interpreted, Vv=VM code)
j  com.sun.webkit.dom.JSObject.toStringImpl(JI)Ljava/lang/String;+0
j  com.sun.webkit.dom.JSObject.toString()Ljava/lang/String;+8
v  ~StubRoutines::call_stub
j  com.yondu.service.HomeService.lambda$getPointsRule$10(Ljava/lang/Object;Ljava/lang/String;)V+0
j  com.yondu.service.HomeService$$Lambda$365.run()V+8
j  java.lang.Thread.run()V+11
v  ~StubRoutines::call_stub

---------------  P R O C E S S  ---------------

Java Threads: ( => current thread )
=>0x4b63c800 JavaThread "Thread-28" [_thread_in_native, id=4912, stack(0x51e90000,0x51ee0000)]
  0x4ba46000 JavaThread "Watchdog-Timer-1" daemon [_thread_blocked, id=6124, stack(0x4fc20000,0x4fc70000)]
  0x4ba45800 JavaThread "Keep-Alive-Timer" daemon [_thread_blocked, id=2492, stack(0x4fc70000,0x4fcc0000)]
  0x4ba45000 JavaThread "URL-Loader-20" daemon [_thread_blocked, id=4888, stack(0x4fdb0000,0x4fe00000)]
  0x4b63fc00 JavaThread "URL-Loader-19" daemon [_thread_blocked, id=5576, stack(0x4d970000,0x4d9c0000)]
  0x4b63f400 JavaThread "URL-Loader-18" daemon [_thread_blocked, id=3472, stack(0x4fee0000,0x4ff30000)]
  0x4b63ec00 JavaThread "URL-Loader-17" daemon [_thread_blocked, id=5252, stack(0x4fe20000,0x4fe70000)]
  0x4b63e800 JavaThread "URL-Loader-16" daemon [_thread_blocked, id=5040, stack(0x4fd50000,0x4fda0000)]
  0x4b63e000 JavaThread "URL-Loader-15" daemon [_thread_blocked, id=4232, stack(0x4fb60000,0x4fbb0000)]
  0x4b63dc00 JavaThread "URL-Loader-14" daemon [_thread_blocked, id=4768, stack(0x4dcb0000,0x4dd00000)]
  0x4b63d400 JavaThread "URL-Loader-13" daemon [_thread_blocked, id=3936, stack(0x4fac0000,0x4fb10000)]
  0x4b63d000 JavaThread "URL-Loader-12" daemon [_thread_blocked, id=2404, stack(0x4fa30000,0x4fa80000)]
  0x4b63c000 JavaThread "URL-Loader-10" daemon [_thread_blocked, id=4304, stack(0x4e540000,0x4e590000)]
  0x4b8ddc00 JavaThread "URL-Loader-9" daemon [_thread_blocked, id=1308, stack(0x4f900000,0x4f950000)]
  0x4b8dd400 JavaThread "URL-Loader-8" daemon [_thread_blocked, id=5460, stack(0x4e420000,0x4e470000)]
  0x4b8dd000 JavaThread "URL-Loader-7" daemon [_thread_blocked, id=5536, stack(0x4e4f0000,0x4e540000)]
  0x4b8dc400 JavaThread "URL-Loader-5" daemon [_thread_blocked, id=4596, stack(0x4dc40000,0x4dc90000)]
  0x4b8dbc00 JavaThread "URL-Loader-4" daemon [_thread_blocked, id=4364, stack(0x4db10000,0x4db60000)]
  0x4b8db400 JavaThread "URL-Loader-3" daemon [_thread_blocked, id=5924, stack(0x4d620000,0x4d670000)]
  0x4b8db000 JavaThread "URL-Loader-2" daemon [_thread_blocked, id=5752, stack(0x4d9d0000,0x4da20000)]
  0x4b8da800 JavaThread "URL-Loader-1" daemon [_thread_blocked, id=4080, stack(0x4de40000,0x4de90000)]
  0x4b8da400 JavaThread "Disposer" daemon [_thread_blocked, id=1436, stack(0x4e4a0000,0x4e4f0000)]
  0x4b73e400 JavaThread "AWT-Windows" daemon [_thread_in_native, id=2128, stack(0x48580000,0x485d0000)]
  0x4b73c400 JavaThread "Java2D Disposer" daemon [_thread_blocked, id=4696, stack(0x4cbe0000,0x4cc30000)]
  0x451e3c00 JavaThread "Prism Font Disposer" daemon [_thread_blocked, id=6084, stack(0x4c550000,0x4c5a0000)]
  0x45a98400 JavaThread "Thread-3" daemon [_thread_in_native, id=1952, stack(0x48510000,0x48560000)]
  0x45a95000 JavaThread "JavaFX-Launcher" [_thread_blocked, id=5052, stack(0x485d0000,0x48620000)]
  0x45a70400 JavaThread "JavaFX Application Thread" [_thread_in_native, id=5956, stack(0x46960000,0x469b0000)]
  0x45a61c00 JavaThread "Thread-1" daemon [_thread_blocked, id=5152, stack(0x468a0000,0x468f0000)]
  0x45a35000 JavaThread "QuantumRenderer-0" daemon [_thread_in_native, id=4928, stack(0x45e50000,0x45ea0000)]
  0x450bac00 JavaThread "Service Thread" daemon [_thread_blocked, id=3848, stack(0x45890000,0x458e0000)]
  0x450c8400 JavaThread "C1 CompilerThread0" daemon [_thread_blocked, id=5532, stack(0x457c0000,0x45810000)]
  0x450a7800 JavaThread "JDWP Command Reader" daemon [_thread_in_native, id=5208, stack(0x456f0000,0x45740000)]
  0x450a6000 JavaThread "JDWP Event Helper Thread" daemon [_thread_blocked, id=4004, stack(0x454d0000,0x45520000)]
  0x450a2400 JavaThread "JDWP Transport Listener: dt_socket" daemon [_thread_blocked, id=5620, stack(0x456a0000,0x456f0000)]
  0x450ac800 JavaThread "Attach Listener" daemon [_thread_blocked, id=6068, stack(0x453b0000,0x45400000)]
  0x450a9800 JavaThread "Signal Dispatcher" daemon [_thread_blocked, id=3864, stack(0x44ec0000,0x44f10000)]
  0x4508a000 JavaThread "Finalizer" daemon [_thread_blocked, id=2936, stack(0x44fe0000,0x45030000)]
  0x45083c00 JavaThread "Reference Handler" daemon [_thread_blocked, id=1472, stack(0x45310000,0x45360000)]
  0x007cfc00 JavaThread "main" [_thread_blocked, id=728, stack(0x00e50000,0x00ea0000)]

Other Threads:
  0x4505d800 VMThread [stack: 0x44f90000,0x44fe0000] [id=2004]
  0x450c8800 WatcherThread [stack: 0x459c0000,0x45a10000] [id=4104]

VM state:not at safepoint (normal execution)

VM Mutex/Monitor currently owned by a thread: None

Heap:
 def new generation   total 12352K, used 2681K [0x04800000, 0x05560000, 0x19d50000)
  eden space 11008K,  21% used [0x04800000, 0x04a43a30, 0x052c0000)
  from space 1344K,  27% used [0x052c0000, 0x0531aba0, 0x05410000)
  to   space 1344K,   0% used [0x05410000, 0x05410000, 0x05560000)
 tenured generation   total 27348K, used 21494K [0x19d50000, 0x1b805000, 0x44800000)
   the space 27348K,  78% used [0x19d50000, 0x1b24d8a8, 0x1b24da00, 0x1b805000)
 Metaspace       used 19387K, capacity 20204K, committed 20224K, reserved 20864K

Card table byte_map: [0x44800000,0x44a10000] byte_map_base: 0x447dc000

Polling page: 0x001a0000

CodeCache: size=32768Kb used=3461Kb max_used=3461Kb free=29306Kb
 bounds [0x027c0000, 0x02b28000, 0x047c0000]
 total_blobs=2343 nmethods=1876 adapters=405
 compilation: enabled

Compilation events (10 events):
Event: 16.152 Thread 0x450c8400 1905             java.util.TreeMap$PrivateEntryIterator::hasNext (13 bytes)
Event: 16.152 Thread 0x450c8400 nmethod 1905 0x02b1d988 code [0x02b1da80, 0x02b1db10]
Event: 16.292 Thread 0x450c8400 1906             org.apache.http.message.BasicListHeaderIterator::findNext (58 bytes)
Event: 16.292 Thread 0x450c8400 nmethod 1906 0x02b1db48 code [0x02b1dc60, 0x02b1dd78]
Event: 16.589 Thread 0x450c8400 1907             com.sun.javafx.webkit.prism.WCGraphicsPrismContext::createColor (67 bytes)
Event: 16.590 Thread 0x450c8400 nmethod 1907 0x02b1de48 code [0x02b1df70, 0x02b1e0cc]
Event: 16.590 Thread 0x450c8400 1908   !         com.sun.javafx.sg.prism.NGGroup::renderContent (436 bytes)
Event: 16.594 Thread 0x450c8400 nmethod 1908 0x02b1e188 code [0x02b1e4d0, 0x02b1f37c]
Event: 16.594 Thread 0x450c8400 1909             com.sun.javafx.sg.prism.NGRegion::roundUp (20 bytes)
Event: 16.595 Thread 0x450c8400 nmethod 1909 0x02b20a08 code [0x02b20b20, 0x02b20c10]

GC Heap History (10 events):
Event: 9.565 GC heap before
{Heap before GC invocations=28 (full 2):
 def new generation   total 8576K, used 8152K [0x04800000, 0x05140000, 0x19d50000)
  eden space 7680K,  96% used [0x04800000, 0x04f43a10, 0x04f80000)
  from space 896K,  79% used [0x05060000, 0x05112788, 0x05140000)
  to   space 896K,   0% used [0x04f80000, 0x04f80000, 0x05060000)
 tenured generation   total 18904K, used 16736K [0x19d50000, 0x1afc6000, 0x44800000)
   the space 18904K,  88% used [0x19d50000, 0x1ada8218, 0x1ada8400, 0x1afc6000)
 Metaspace       used 19026K, capacity 19809K, committed 19840K, reserved 19840K
Event: 9.602 GC heap after
Heap after GC invocations=29 (full 3):
 def new generation   total 12352K, used 0K [0x04800000, 0x05560000, 0x19d50000)
  eden space 11008K,   0% used [0x04800000, 0x04800000, 0x052c0000)
  from space 1344K,   0% used [0x052c0000, 0x052c0000, 0x05410000)
  to   space 1344K,   0% used [0x05410000, 0x05410000, 0x05560000)
 tenured generation   total 27348K, used 16407K [0x19d50000, 0x1b805000, 0x44800000)
   the space 27348K,  59% used [0x19d50000, 0x1ad55c18, 0x1ad55e00, 0x1b805000)
 Metaspace       used 19020K, capacity 19792K, committed 19840K, reserved 19840K
}
Event: 9.912 GC heap before
{Heap before GC invocations=29 (full 3):
 def new generation   total 12352K, used 10424K [0x04800000, 0x05560000, 0x19d50000)
  eden space 11008K,  94% used [0x04800000, 0x0522e060, 0x052c0000)
  from space 1344K,   0% used [0x052c0000, 0x052c0000, 0x05410000)
  to   space 1344K,   0% used [0x05410000, 0x05410000, 0x05560000)
 tenured generation   total 27348K, used 16407K [0x19d50000, 0x1b805000, 0x44800000)
   the space 27348K,  59% used [0x19d50000, 0x1ad55c18, 0x1ad55e00, 0x1b805000)
 Metaspace       used 19032K, capacity 19849K, committed 19968K, reserved 20864K
Event: 9.914 GC heap after
Heap after GC invocations=30 (full 3):
 def new generation   total 12352K, used 665K [0x04800000, 0x05560000, 0x19d50000)
  eden space 11008K,   0% used [0x04800000, 0x04800000, 0x052c0000)
  from space 1344K,  49% used [0x05410000, 0x054b6680, 0x05560000)
  to   space 1344K,   0% used [0x052c0000, 0x052c0000, 0x05410000)
 tenured generation   total 27348K, used 18537K [0x19d50000, 0x1b805000, 0x44800000)
   the space 27348K,  67% used [0x19d50000, 0x1af6a428, 0x1af6a600, 0x1b805000)
 Metaspace       used 19032K, capacity 19849K, committed 19968K, reserved 20864K
}
Event: 11.729 GC heap before
{Heap before GC invocations=30 (full 3):
 def new generation   total 12352K, used 11673K [0x04800000, 0x05560000, 0x19d50000)
  eden space 11008K, 100% used [0x04800000, 0x052c0000, 0x052c0000)
  from space 1344K,  49% used [0x05410000, 0x054b6680, 0x05560000)
  to   space 1344K,   0% used [0x052c0000, 0x052c0000, 0x05410000)
 tenured generation   total 27348K, used 18537K [0x19d50000, 0x1b805000, 0x44800000)
   the space 27348K,  67% used [0x19d50000, 0x1af6a428, 0x1af6a600, 0x1b805000)
 Metaspace       used 19089K, capacity 19896K, committed 19968K, reserved 20864K
Event: 11.735 GC heap after
Heap after GC invocations=31 (full 3):
 def new generation   total 12352K, used 756K [0x04800000, 0x05560000, 0x19d50000)
  eden space 11008K,   0% used [0x04800000, 0x04800000, 0x052c0000)
  from space 1344K,  56% used [0x052c0000, 0x0537d128, 0x05410000)
  to   space 1344K,   0% used [0x05410000, 0x05410000, 0x05560000)
 tenured generation   total 27348K, used 20667K [0x19d50000, 0x1b805000, 0x44800000)
   the space 27348K,  75% used [0x19d50000, 0x1b17ec38, 0x1b17ee00, 0x1b805000)
 Metaspace       used 19089K, capacity 19896K, committed 19968K, reserved 20864K
}
Event: 13.916 GC heap before
{Heap before GC invocations=31 (full 3):
 def new generation   total 12352K, used 11764K [0x04800000, 0x05560000, 0x19d50000)
  eden space 11008K, 100% used [0x04800000, 0x052c0000, 0x052c0000)
  from space 1344K,  56% used [0x052c0000, 0x0537d128, 0x05410000)
  to   space 1344K,   0% used [0x05410000, 0x05410000, 0x05560000)
 tenured generation   total 27348K, used 20667K [0x19d50000, 0x1b805000, 0x44800000)
   the space 27348K,  75% used [0x19d50000, 0x1b17ec38, 0x1b17ee00, 0x1b805000)
 Metaspace       used 19380K, capacity 20199K, committed 20224K, reserved 20864K
Event: 13.920 GC heap after
Heap after GC invocations=32 (full 3):
 def new generation   total 12352K, used 712K [0x04800000, 0x05560000, 0x19d50000)
  eden space 11008K,   0% used [0x04800000, 0x04800000, 0x052c0000)
  from space 1344K,  53% used [0x05410000, 0x054c2148, 0x05560000)
  to   space 1344K,   0% used [0x052c0000, 0x052c0000, 0x05410000)
 tenured generation   total 27348K, used 21375K [0x19d50000, 0x1b805000, 0x44800000)
   the space 27348K,  78% used [0x19d50000, 0x1b22feb0, 0x1b230000, 0x1b805000)
 Metaspace       used 19380K, capacity 20199K, committed 20224K, reserved 20864K
}
Event: 16.159 GC heap before
{Heap before GC invocations=32 (full 3):
 def new generation   total 12352K, used 11720K [0x04800000, 0x05560000, 0x19d50000)
  eden space 11008K,  99% used [0x04800000, 0x052bff78, 0x052c0000)
  from space 1344K,  53% used [0x05410000, 0x054c2148, 0x05560000)
  to   space 1344K,   0% used [0x052c0000, 0x052c0000, 0x05410000)
 tenured generation   total 27348K, used 21375K [0x19d50000, 0x1b805000, 0x44800000)
   the space 27348K,  78% used [0x19d50000, 0x1b22feb0, 0x1b230000, 0x1b805000)
 Metaspace       used 19385K, capacity 20201K, committed 20224K, reserved 20864K
Event: 16.164 GC heap after
Heap after GC invocations=33 (full 3):
 def new generation   total 12352K, used 362K [0x04800000, 0x05560000, 0x19d50000)
  eden space 11008K,   0% used [0x04800000, 0x04800000, 0x052c0000)
  from space 1344K,  27% used [0x052c0000, 0x0531aba0, 0x05410000)
  to   space 1344K,   0% used [0x05410000, 0x05410000, 0x05560000)
 tenured generation   total 27348K, used 21494K [0x19d50000, 0x1b805000, 0x44800000)
   the space 27348K,  78% used [0x19d50000, 0x1b24d8a8, 0x1b24da00, 0x1b805000)
 Metaspace       used 19385K, capacity 20201K, committed 20224K, reserved 20864K
}

Deoptimization events (0 events):
No events

Internal exceptions (10 events):
Event: 13.001 Thread 0x45a70400 Exception <a 'java/lang/ArrayIndexOutOfBoundsException'> (0x04f8a2e8) thrown at [C:\re\workspace\8-2-build-windows-i586-cygwin\jdk8u101\7261\hotspot\src\share\vm\runtime\sharedRuntime.cpp, line 605]
Event: 13.044 Thread 0x45a70400 Exception <a 'java/lang/ArrayIndexOutOfBoundsException'> (0x05139708) thrown at [C:\re\workspace\8-2-build-windows-i586-cygwin\jdk8u101\7261\hotspot\src\share\vm\runtime\sharedRuntime.cpp, line 605]
Event: 13.044 Thread 0x45a70400 Exception <a 'java/lang/ArrayIndexOutOfBoundsException'> (0x0513a6a0) thrown at [C:\re\workspace\8-2-build-windows-i586-cygwin\jdk8u101\7261\hotspot\src\share\vm\runtime\sharedRuntime.cpp, line 605]
Event: 13.050 Thread 0x45a70400 Exception <a 'java/lang/ClassNotFoundException': sun/net/www/protocol/about/Handler> (0x05150a08) thrown at [C:\re\workspace\8-2-build-windows-i586-cygwin\jdk8u101\7261\hotspot\src\share\vm\classfile\systemDictionary.cpp, line 210]
Event: 16.153 Thread 0x45a70400 Exception <a 'java/lang/ClassCastException': java.lang.Long cannot be cast to java.lang.Double> (0x052220e8) thrown at [C:\re\workspace\8-2-build-windows-i586-cygwin\jdk8u101\7261\hotspot\src\share\vm\interpreter\interpreterRuntime.cpp, line 381]
Event: 16.580 Thread 0x45a70400 Exception <a 'java/lang/ClassNotFoundException': sun/net/www/protocol/about/Handler> (0x049ba4f0) thrown at [C:\re\workspace\8-2-build-windows-i586-cygwin\jdk8u101\7261\hotspot\src\share\vm\classfile\systemDictionary.cpp, line 210]
Event: 16.599 Thread 0x45a35000 Implicit null exception at 0x02b18622 to 0x02b186d3
Event: 16.599 Thread 0x45a35000 Exception <a 'java/lang/NullPointerException'> (0x049f1cf0) thrown at [C:\re\workspace\8-2-build-windows-i586-cygwin\jdk8u101\7261\hotspot\src\share\vm\runtime\sharedRuntime.cpp, line 605]
Event: 16.599 Thread 0x45a35000 Implicit null exception at 0x02b18622 to 0x02b186d3
Event: 16.599 Thread 0x45a35000 Exception <a 'java/lang/NullPointerException'> (0x049f2488) thrown at [C:\re\workspace\8-2-build-windows-i586-cygwin\jdk8u101\7261\hotspot\src\share\vm\runtime\sharedRuntime.cpp, line 605]

Events (10 events):
Event: 16.582 Executing VM operation: RevokeBias done
Event: 16.582 Thread 0x4ba48c00 Thread exited: 0x4ba48c00
Event: 16.599 Thread 0x45a35000 DEOPT PACKING pc=0x02b186d8 sp=0x45e9e4b0
Event: 16.599 Thread 0x45a35000 DEOPT UNPACKING pc=0x027fc5db sp=0x45e9e32c mode 1
Event: 16.599 Thread 0x45a35000 DEOPT PACKING pc=0x02a70e94 sp=0x45e9e560
Event: 16.599 Thread 0x45a35000 DEOPT UNPACKING pc=0x027fc5db sp=0x45e9e794 mode 1
Event: 16.599 Thread 0x45a35000 DEOPT PACKING pc=0x02b186d8 sp=0x45e9e4b0
Event: 16.599 Thread 0x45a35000 DEOPT UNPACKING pc=0x027fc5db sp=0x45e9e32c mode 1
Event: 16.599 Thread 0x45a35000 DEOPT PACKING pc=0x02a70e94 sp=0x45e9e560
Event: 16.599 Thread 0x45a35000 DEOPT UNPACKING pc=0x027fc5db sp=0x45e9e794 mode 1


Dynamic libraries:
0x010b0000 - 0x010e3000 	C:\Program Files (x86)\Java\jdk1.8.0_101\bin\java.exe
0x77d10000 - 0x77e90000 	C:\Windows\SysWOW64\ntdll.dll
0x767e0000 - 0x768f0000 	C:\Windows\syswow64\kernel32.dll
0x75eb0000 - 0x75ef6000 	C:\Windows\syswow64\KERNELBASE.dll
0x758d0000 - 0x75970000 	C:\Windows\syswow64\ADVAPI32.dll
0x776c0000 - 0x7776c000 	C:\Windows\syswow64\msvcrt.dll
0x763e0000 - 0x763f9000 	C:\Windows\SysWOW64\sechost.dll
0x777c0000 - 0x778b0000 	C:\Windows\syswow64\RPCRT4.dll
0x75870000 - 0x758d0000 	C:\Windows\syswow64\SspiCli.dll
0x75860000 - 0x7586c000 	C:\Windows\syswow64\CRYPTBASE.dll
0x76540000 - 0x76640000 	C:\Windows\syswow64\USER32.dll
0x75df0000 - 0x75e80000 	C:\Windows\syswow64\GDI32.dll
0x77ce0000 - 0x77cea000 	C:\Windows\syswow64\LPK.dll
0x75b60000 - 0x75bfd000 	C:\Windows\syswow64\USP10.dll
0x72e60000 - 0x72ffe000 	C:\Windows\WinSxS\x86_microsoft.windows.common-controls_6595b64144ccf1df_6.0.7601.17514_none_41e6975e2bd6f2b2\COMCTL32.dll
0x764e0000 - 0x76537000 	C:\Windows\syswow64\SHLWAPI.dll
0x75cd0000 - 0x75d30000 	C:\Windows\system32\IMM32.DLL
0x75c00000 - 0x75ccc000 	C:\Windows\syswow64\MSCTF.dll
0x75080000 - 0x750b5000 	C:\Windows\SysWOW64\nvinit.dll
0x59740000 - 0x597ff000 	C:\Program Files (x86)\Java\jdk1.8.0_101\jre\bin\msvcr100.dll
0x59370000 - 0x5973c000 	C:\Program Files (x86)\Java\jdk1.8.0_101\jre\bin\client\jvm.dll
0x750d0000 - 0x750d7000 	C:\Windows\system32\WSOCK32.dll
0x76400000 - 0x76435000 	C:\Windows\syswow64\WS2_32.dll
0x75b50000 - 0x75b56000 	C:\Windows\syswow64\NSI.dll
0x74670000 - 0x746a2000 	C:\Windows\system32\WINMM.dll
0x75070000 - 0x75079000 	C:\Windows\system32\VERSION.dll
0x764d0000 - 0x764d5000 	C:\Windows\syswow64\PSAPI.DLL
0x727a0000 - 0x727ac000 	C:\Program Files (x86)\Java\jdk1.8.0_101\jre\bin\verify.dll
0x72770000 - 0x72791000 	C:\Program Files (x86)\Java\jdk1.8.0_101\jre\bin\java.dll
0x5ba50000 - 0x5ba79000 	C:\Program Files (x86)\Java\jdk1.8.0_101\jre\bin\jdwp.dll
0x727b0000 - 0x727b7000 	C:\Program Files (x86)\Java\jdk1.8.0_101\jre\bin\npt.dll
0x72750000 - 0x72763000 	C:\Program Files (x86)\Java\jdk1.8.0_101\jre\bin\zip.dll
0x76a10000 - 0x7765a000 	C:\Windows\syswow64\SHELL32.dll
0x75f80000 - 0x760dc000 	C:\Windows\syswow64\ole32.dll
0x75170000 - 0x7517b000 	C:\Windows\system32\profapi.dll
0x638a0000 - 0x638a8000 	C:\Program Files (x86)\Java\jdk1.8.0_101\jre\bin\dt_socket.dll
0x74ab0000 - 0x74aec000 	C:\Windows\system32\mswsock.dll
0x74aa0000 - 0x74aa5000 	C:\Windows\System32\wshtcpip.dll
0x58b90000 - 0x58c7e000 	C:\Program Files (x86)\Java\jdk1.8.0_101\jre\bin\msvcr120.dll
0x5b9d0000 - 0x5ba41000 	C:\Program Files (x86)\Java\jdk1.8.0_101\jre\bin\msvcp120.dll
0x63880000 - 0x6389e000 	C:\Program Files (x86)\Java\jdk1.8.0_101\jre\bin\prism_d3d.dll
0x72850000 - 0x72a13000 	C:\Windows\system32\d3d9.dll
0x72840000 - 0x72846000 	C:\Windows\system32\d3d8thk.dll
0x727e0000 - 0x727f3000 	C:\Windows\system32\dwmapi.dll
0x74060000 - 0x740e0000 	C:\Windows\system32\uxtheme.dll
0x460b0000 - 0x46698000 	C:\Windows\system32\igdumd32.dll
0x5b750000 - 0x5b783000 	C:\Program Files (x86)\Java\jdk1.8.0_101\jre\bin\glass.dll
0x75f00000 - 0x75f7b000 	C:\Windows\syswow64\COMDLG32.dll
0x75970000 - 0x759ff000 	C:\Windows\syswow64\OLEAUT32.dll
0x5b710000 - 0x5b721000 	C:\Program Files (x86)\Java\jdk1.8.0_101\jre\bin\javafx_font.dll
0x6a170000 - 0x6a27a000 	C:\Windows\system32\dwrite.dll
0x76440000 - 0x764c3000 	C:\Windows\syswow64\CLBCatQ.DLL
0x723b0000 - 0x724ab000 	C:\Windows\system32\WindowsCodecs.dll
0x72bd0000 - 0x72c1c000 	C:\Windows\system32\apphelp.dll
0x63930000 - 0x63961000 	C:\Windows\system32\EhStorShell.dll
0x76640000 - 0x767dd000 	C:\Windows\syswow64\SETUPAPI.dll
0x77660000 - 0x77687000 	C:\Windows\syswow64\CFGMGR32.dll
0x75dc0000 - 0x75dd2000 	C:\Windows\syswow64\DEVOBJ.dll
0x73f60000 - 0x74055000 	C:\Windows\system32\PROPSYS.dll
0x639d0000 - 0x63a40000 	C:\Windows\system32\ntshrui.dll
0x747f0000 - 0x74809000 	C:\Windows\system32\srvcli.dll
0x73f00000 - 0x73f0b000 	C:\Windows\system32\cscapi.dll
0x639c0000 - 0x639ca000 	C:\Windows\system32\slc.dll
0x58d40000 - 0x58d61000 	C:\Program Files (x86)\Common Files\Microsoft Shared\Ink\rtscom.dll
0x5b730000 - 0x5b746000 	C:\Program Files (x86)\Java\jdk1.8.0_101\jre\bin\net.dll
0x74a90000 - 0x74a96000 	C:\Windows\System32\wship6.dll
0x72150000 - 0x72160000 	C:\Windows\system32\NLAapi.dll
0x720f0000 - 0x72100000 	C:\Windows\system32\napinsp.dll
0x720d0000 - 0x720e2000 	C:\Windows\system32\pnrpnsp.dll
0x74a40000 - 0x74a84000 	C:\Windows\system32\DNSAPI.dll
0x720c0000 - 0x720c8000 	C:\Windows\System32\winrnr.dll
0x71f90000 - 0x71f9d000 	C:\Windows\system32\wshbth.dll
0x74a20000 - 0x74a3c000 	C:\Windows\system32\IPHLPAPI.DLL
0x74a10000 - 0x74a17000 	C:\Windows\system32\WINNSI.DLL
0x74a00000 - 0x74a06000 	C:\Windows\system32\rasadhlp.dll
0x72ac0000 - 0x72af8000 	C:\Windows\System32\fwpuclnt.dll
0x72d00000 - 0x72d36000 	C:\Program Files\Lenovo\Bluetooth Software\SysWOW64\BtMmHook.dll
0x5b6f0000 - 0x5b710000 	C:\Program Files (x86)\Java\jdk1.8.0_101\jre\bin\sunec.dll
0x74650000 - 0x74666000 	C:\Windows\system32\CRYPTSP.dll
0x73f20000 - 0x73f5b000 	C:\Windows\system32\rsaenh.dll
0x75190000 - 0x751a7000 	C:\Windows\system32\USERENV.dll
0x72210000 - 0x72222000 	C:\Windows\system32\dhcpcsvc.DLL
0x72200000 - 0x7220d000 	C:\Windows\system32\dhcpcsvc6.DLL
0x63970000 - 0x6397f000 	C:\Program Files (x86)\Java\jdk1.8.0_101\jre\bin\nio.dll
0x58a40000 - 0x58b85000 	C:\Program Files (x86)\Java\jdk1.8.0_101\jre\bin\awt.dll
0x58d30000 - 0x58d3f000 	C:\Program Files (x86)\Java\jdk1.8.0_101\jre\bin\prism_common.dll
0x58980000 - 0x58a3a000 	C:\Windows\system32\d2d1.dll
0x58d00000 - 0x58d2c000 	C:\Windows\system32\d3d10_1.dll
0x58cc0000 - 0x58cfa000 	C:\Windows\system32\d3d10_1core.dll
0x6ac30000 - 0x6acb3000 	C:\Windows\system32\dxgi.dll
0x58850000 - 0x5897c000 	C:\Windows\system32\D3D10Warp.dll
0x77690000 - 0x776bd000 	C:\Windows\syswow64\WINTRUST.dll
0x768f0000 - 0x76a0d000 	C:\Windows\syswow64\CRYPT32.dll
0x75de0000 - 0x75dec000 	C:\Windows\syswow64\MSASN1.dll
0x567e0000 - 0x58849000 	C:\Program Files (x86)\Java\jdk1.8.0_101\jre\bin\jfxwebkit.dll
0x58cb0000 - 0x58cb9000 	C:\Program Files (x86)\Java\jdk1.8.0_101\jre\bin\sunmscapi.dll
0x58c80000 - 0x58ca1000 	C:\Program Files (x86)\Java\jdk1.8.0_101\jre\bin\javafx_iio.dll
0x72560000 - 0x7264b000 	C:\Windows\system32\dbghelp.dll

VM Arguments:
jvm_args: -agentlib:jdwp=transport=dt_socket,address=127.0.0.1:49720,suspend=y,server=n -Dcom.sun.javafx.isEmbedded=false -Dcom.sun.javafx.touch=false -Dcom.sun.javafx.virtualKeyboard=javafx -Dfile.encoding=UTF-8 -Xmx1024M 
java_command: com.yondu.App
java_class_path (initial): C:\Program Files (x86)\Java\jdk1.8.0_101\jre\lib\charsets.jar;C:\Program Files (x86)\Java\jdk1.8.0_101\jre\lib\deploy.jar;C:\Program Files (x86)\Java\jdk1.8.0_101\jre\lib\ext\access-bridge-32.jar;C:\Program Files (x86)\Java\jdk1.8.0_101\jre\lib\ext\cldrdata.jar;C:\Program Files (x86)\Java\jdk1.8.0_101\jre\lib\ext\dnsns.jar;C:\Program Files (x86)\Java\jdk1.8.0_101\jre\lib\ext\jaccess.jar;C:\Program Files (x86)\Java\jdk1.8.0_101\jre\lib\ext\jfxrt.jar;C:\Program Files (x86)\Java\jdk1.8.0_101\jre\lib\ext\localedata.jar;C:\Program Files (x86)\Java\jdk1.8.0_101\jre\lib\ext\nashorn.jar;C:\Program Files (x86)\Java\jdk1.8.0_101\jre\lib\ext\sunec.jar;C:\Program Files (x86)\Java\jdk1.8.0_101\jre\lib\ext\sunjce_provider.jar;C:\Program Files (x86)\Java\jdk1.8.0_101\jre\lib\ext\sunmscapi.jar;C:\Program Files (x86)\Java\jdk1.8.0_101\jre\lib\ext\sunpkcs11.jar;C:\Program Files (x86)\Java\jdk1.8.0_101\jre\lib\ext\zipfs.jar;C:\Program Files (x86)\Java\jdk1.8.0_101\jre\lib\javaws.jar;C:\Program Files (x86)\Java\jdk1.8.0_101\jre\lib\jce.jar;C:\Program Files (x86)\Java\jdk1.8.0_101\jre\lib\jfr.jar;C:\Program Files (x86)\Java\jdk1.8.0_101\jre\lib\jfxswt.jar;C:\Program Files (x86)\Java\jdk1.8.0_101\jre\lib\jsse.jar;C:\Program Files (x86)\Java\jdk1.8.0_101\jre\lib\management-agent.jar;C:\Program Files (x86)\Java\jdk1.8.0_101\jre\lib\plugin.jar;C:\Program Files (x86)\Java\jdk1.8.0_101\jre\lib\resources.jar;C:\Program Files (x86)\Java\jdk1.8.0_101\jre\lib\rt.jar;C:\Users\erwin\java_projects\rush-pos\target\classes;C:\Users\erwin\.m2\repository\com\google\code\gson\gson\2.7\gson-2.7.jar;C:\Users\erwin\.m2\repository\net\sourceforge\tess4j\tess4j\3.2.1\tess4j-3.2.1.jar;C:\Users\erwin\.m2\repository\net\java\dev\jna\jna\4.1.0\jna-4.1.0.jar;C:\Users\erwin\.m2\repository\com\github\jai-imageio\jai-imageio-core\1.3.1\jai-imageio-core-1.3.1.jar;C:\Users\erwin\.m2\repository\org\ghost4j\ghost4j\1.0.1\ghost4j-1.0.1.jar;C:\Users\erwin\.m2\repository\log4j\log4j\1.2.17\log4j
Launcher Type: SUN_STANDARD

Environment Variables:
JAVA_HOME=C:\Program Files (x86)\Java\jdk1.8.0_101
_JAVA_OPTIONS=-Xmx1024M
PATH=C:\ProgramData\Oracle\Java\javapath;C:\Program Files (x86)\Intel\iCLS Client\;C:\Program Files\Intel\iCLS Client\;C:\Program Files\Broadcom\Broadcom 802.11 Network Adapter\Driver;C:\Windows\system32;C:\Windows;C:\Windows\System32\Wbem;C:\Windows\System32\WindowsPowerShell\v1.0\;C:\Program Files (x86)\Intel\OpenCL SDK\2.0\bin\x86;C:\Program Files (x86)\Intel\OpenCL SDK\2.0\bin\x64;C:\Program Files\Intel\Intel(R) Management Engine Components\DAL;C:\Program Files\Intel\Intel(R) Management Engine Components\IPT;C:\Program Files (x86)\Intel\Intel(R) Management Engine Components\DAL;C:\Program Files (x86)\Intel\Intel(R) Management Engine Components\IPT;C:\Program Files\Lenovo Fingerprint Reader\;C:\Program Files\Lenovo Fingerprint Reader\x86\;C:\Program Files\Lenovo\Bluetooth Software\;C:\Program Files\Lenovo\Bluetooth Software\syswow64;C:\Program Files (x86)\Skype\Phone\;C:\Program Files\Git\cmd;C:\apache-maven-3.3.9\bin;C:\Program Files (x86)\Java\jdk1.8.0_101\bin;C:\Program Files\nodejs\;C:\Program Files (x86)\Tesseract-OCR;C:\Users\erwin\AppData\Roaming\npm
USERNAME=erwin
OS=Windows_NT
PROCESSOR_IDENTIFIER=Intel64 Family 6 Model 58 Stepping 9, GenuineIntel



---------------  S Y S T E M  ---------------

OS: Windows 7 , 64 bit Build 7601 (6.1.7601.17514)

CPU:total 4 (2 cores per cpu, 2 threads per core) family 6 model 58 stepping 9, cmov, cx8, fxsr, mmx, sse, sse2, sse3, ssse3, sse4.1, sse4.2, popcnt, avx, clmul, erms, ht, tsc, tscinvbit, tscinv

Memory: 4k page, physical 7939180k(3912764k free), swap 15876516k(11546108k free)

vm_info: Java HotSpot(TM) Client VM (25.101-b13) for windows-x86 JRE (1.8.0_101-b13), built on Jun 22 2016 00:45:44 by "java_re" with MS VC++ 10.0 (VS2010)

time: Wed Nov 02 12:10:41 2016
elapsed time: 16 seconds (0d 0h 0m 16s)

