#
# A fatal error has been detected by the Java Runtime Environment:
#
#  EXCEPTION_ACCESS_VIOLATION (0xc0000005) at pc=0x5b54a507, pid=5664, tid=0x00000e20
#
# JRE version: Java(TM) SE Runtime Environment (8.0_101-b13) (build 1.8.0_101-b13)
# Java VM: Java HotSpot(TM) Client VM (25.101-b13 mixed mode windows-x86 )
# Problematic frame:
# C  [jfxwebkit.dll+0xc2a507]
#
# Failed to write core dump. Minidumps are not enabled by default on client versions of Windows
#
# If you would like to submit a bug report, please visit:
#   http://bugreport.java.com/bugreport/crash.jsp
# The crash happened outside the Java Virtual Machine in native code.
# See problematic frame for where to report the bug.
#

---------------  T H R E A D  ---------------

Current thread (0x1bc18c00):  JavaThread "Thread-13" [_thread_in_native, id=3616, stack(0x1df10000,0x1df60000)]

siginfo: ExceptionCode=0xc0000005, writing address 0x0000518c

Registers:
EAX=0x007ea834, EBX=0x007ea830, ECX=0x1ba80000, EDX=0x1c6074f0
ESP=0x1df5f058, EBP=0x1df5f12c, ESI=0x18cc4340, EDI=0x00000000
EIP=0x5b54a507, EFLAGS=0x00010206

Top of Stack: (sp=0x1df5f058)
0x1df5f058:   18cc4340 007ea830 00000002 3e3317f4
0x1df5f068:   00000002 5b542ac3 18cc4340 007ea830
0x1df5f078:   1df5f0a4 1df5f0a8 007ea820 1540f468
0x1df5f088:   1b221fe0 1df5f0e0 5cc9a901 1df5f1b8
0x1df5f098:   148118e8 1bc18c00 00000000 1c6074f0
0x1df5f0a8:   fffffffb fffffffb 007ea830 14811fb0
0x1df5f0b8:   1cabe878 18cc4340 18cc4340 00000002
0x1df5f0c8:   18abfc88 fffffffe 00000000 00000000 

Instructions: (pc=0x5b54a507)
0x5b54a4e7:   14 56 8b 74 24 14 57 8b 4e 10 8b 46 14 81 e1 00
0x5b54a4f7:   00 ff ff 89 44 24 10 8d 43 04 8b b9 34 04 00 00
0x5b54a507:   89 b7 8c 51 00 00 89 46 24 8b 46 08 8b 48 40 8a
0x5b54a517:   41 30 f6 d0 a8 01 74 21 8b 49 30 0f be 41 04 85 


Register to memory mapping:

EAX=0x007ea834 is an unknown value
EBX=0x007ea830 is an unknown value
ECX=0x1ba80000 is an unknown value
EDX=0x1c6074f0 is an unknown value
ESP=0x1df5f058 is pointing into the stack for thread: 0x1bc18c00
EBP=0x1df5f12c is pointing into the stack for thread: 0x1bc18c00
ESI=0x18cc4340 is an unknown value
EDI=0x00000000 is an unknown value


Stack: [0x1df10000,0x1df60000],  sp=0x1df5f058,  free space=316k
Native frames: (J=compiled Java code, j=interpreted, Vv=VM code, C=native code)
C  [jfxwebkit.dll+0xc2a507]
C  [jfxwebkit.dll+0xbf7e9d]
C  0xfffffffb

Java frames: (J=compiled Java code, j=interpreted, Vv=VM code)
j  com.sun.webkit.dom.JSObject.toStringImpl(JI)Ljava/lang/String;+0
j  com.sun.webkit.dom.JSObject.toString()Ljava/lang/String;+8
v  ~StubRoutines::call_stub
j  com.yondu.service.HomeService.lambda$register$1(Ljava/lang/Object;Ljava/lang/String;)V+0
j  com.yondu.service.HomeService$$Lambda$226.run()V+8
j  java.lang.Thread.run()V+11
v  ~StubRoutines::call_stub

---------------  P R O C E S S  ---------------

Java Threads: ( => current thread )
=>0x1bc18c00 JavaThread "Thread-13" [_thread_in_native, id=3616, stack(0x1df10000,0x1df60000)]
  0x1bc18000 JavaThread "URL-Loader-20" daemon [_thread_blocked, id=4216, stack(0x1dea0000,0x1def0000)]
  0x1bc17800 JavaThread "URL-Loader-19" daemon [_thread_blocked, id=5216, stack(0x1da10000,0x1da60000)]
  0x15af3800 JavaThread "URL-Loader-18" daemon [_thread_blocked, id=1984, stack(0x1d380000,0x1d3d0000)]
  0x15af3000 JavaThread "URL-Loader-17" daemon [_thread_blocked, id=5376, stack(0x1d4e0000,0x1d530000)]
  0x15af2c00 JavaThread "URL-Loader-16" daemon [_thread_blocked, id=5752, stack(0x1d460000,0x1d4b0000)]
  0x15af2400 JavaThread "URL-Loader-15" daemon [_thread_blocked, id=5880, stack(0x1d270000,0x1d2c0000)]
  0x15af1c00 JavaThread "URL-Loader-14" daemon [_thread_blocked, id=5536, stack(0x1d2d0000,0x1d320000)]
  0x15af1800 JavaThread "URL-Loader-13" daemon [_thread_blocked, id=4268, stack(0x1cf00000,0x1cf50000)]
  0x15af1000 JavaThread "Prism Font Disposer" daemon [_thread_blocked, id=2808, stack(0x1cc30000,0x1cc80000)]
  0x15af0c00 JavaThread "URL-Loader-12" daemon [_thread_blocked, id=5412, stack(0x1cd70000,0x1cdc0000)]
  0x15af0400 JavaThread "URL-Loader-11" daemon [_thread_blocked, id=1548, stack(0x1cdc0000,0x1ce10000)]
  0x15af0000 JavaThread "URL-Loader-10" daemon [_thread_blocked, id=4684, stack(0x1cd20000,0x1cd70000)]
  0x15aef800 JavaThread "Watchdog-Timer-1" daemon [_thread_blocked, id=5240, stack(0x1c7b0000,0x1c800000)]
  0x15aef400 JavaThread "Keep-Alive-Timer" daemon [_thread_blocked, id=5628, stack(0x1c550000,0x1c5a0000)]
  0x15aeec00 JavaThread "URL-Loader-9" daemon [_thread_blocked, id=4992, stack(0x1b840000,0x1b890000)]
  0x15aee400 JavaThread "URL-Loader-8" daemon [_thread_blocked, id=5232, stack(0x1b170000,0x1b1c0000)]
  0x15aee000 JavaThread "URL-Loader-7" daemon [_thread_blocked, id=5380, stack(0x1b3c0000,0x1b410000)]
  0x15aed800 JavaThread "URL-Loader-6" daemon [_thread_blocked, id=5760, stack(0x1ac80000,0x1acd0000)]
  0x15aed400 JavaThread "URL-Loader-5" daemon [_thread_blocked, id=3876, stack(0x1b090000,0x1b0e0000)]
  0x15ae8800 JavaThread "URL-Loader-4" daemon [_thread_blocked, id=5608, stack(0x1b100000,0x1b150000)]
  0x15ae4c00 JavaThread "URL-Loader-3" daemon [_thread_blocked, id=2216, stack(0x1af60000,0x1afb0000)]
  0x15add400 JavaThread "URL-Loader-2" daemon [_thread_blocked, id=4468, stack(0x1ad20000,0x1ad70000)]
  0x1598b800 JavaThread "URL-Loader-1" daemon [_thread_blocked, id=4160, stack(0x18ce0000,0x18d30000)]
  0x158e6800 JavaThread "Disposer" daemon [_thread_blocked, id=6048, stack(0x15e50000,0x15ea0000)]
  0x1585e000 JavaThread "Thread-3" daemon [_thread_in_native, id=1176, stack(0x181c0000,0x18210000)]
  0x1584e000 JavaThread "JavaFX-Launcher" [_thread_blocked, id=5868, stack(0x182d0000,0x18320000)]
  0x1581e000 JavaThread "JavaFX Application Thread" [_thread_in_native, id=3896, stack(0x02440000,0x02490000)]
  0x15812c00 JavaThread "Thread-1" daemon [_thread_blocked, id=5788, stack(0x16030000,0x16080000)]
  0x15020000 JavaThread "QuantumRenderer-0" daemon [_thread_blocked, id=5928, stack(0x15d10000,0x15d60000)]
  0x14eab800 JavaThread "Service Thread" daemon [_thread_blocked, id=3904, stack(0x155e0000,0x15630000)]
  0x14eaa000 JavaThread "C1 CompilerThread0" daemon [_thread_blocked, id=312, stack(0x154e0000,0x15530000)]
  0x14ea5c00 JavaThread "JDWP Command Reader" daemon [_thread_in_native, id=1388, stack(0x15420000,0x15470000)]
  0x14e93800 JavaThread "JDWP Event Helper Thread" daemon [_thread_blocked, id=5784, stack(0x15580000,0x155d0000)]
  0x14e9d800 JavaThread "JDWP Transport Listener: dt_socket" daemon [_thread_blocked, id=4072, stack(0x15310000,0x15360000)]
  0x14e9b400 JavaThread "Attach Listener" daemon [_thread_blocked, id=1920, stack(0x15360000,0x153b0000)]
  0x14e98000 JavaThread "Signal Dispatcher" daemon [_thread_blocked, id=5460, stack(0x151d0000,0x15220000)]
  0x14e77400 JavaThread "Finalizer" daemon [_thread_blocked, id=6076, stack(0x14d60000,0x14db0000)]
  0x14e52800 JavaThread "Reference Handler" daemon [_thread_blocked, id=4968, stack(0x01e60000,0x01eb0000)]
  0x024be000 JavaThread "main" [_thread_blocked, id=3668, stack(0x02370000,0x023c0000)]

Other Threads:
  0x01e3fc00 VMThread [stack: 0x14ca0000,0x14cf0000] [id=5064]
  0x14edc800 WatcherThread [stack: 0x15770000,0x157c0000] [id=6064]

VM state:not at safepoint (normal execution)

VM Mutex/Monitor currently owned by a thread: None

Heap:
 def new generation   total 8064K, used 7498K [0x04800000, 0x050b0000, 0x09d50000)
  eden space 7232K,  96% used [0x04800000, 0x04ec7d10, 0x04f10000)
  from space 832K,  66% used [0x04f10000, 0x04f9ade0, 0x04fe0000)
  to   space 832K,   0% used [0x04fe0000, 0x04fe0000, 0x050b0000)
 tenured generation   total 17740K, used 13101K [0x09d50000, 0x0aea3000, 0x14800000)
   the space 17740K,  73% used [0x09d50000, 0x0aa1b5e8, 0x0aa1b600, 0x0aea3000)
 Metaspace       used 15843K, capacity 16432K, committed 16512K, reserved 16768K

Card table byte_map: [0x022c0000,0x02350000] byte_map_base: 0x0229c000

Polling page: 0x001e0000

CodeCache: size=32768Kb used=2687Kb max_used=2687Kb free=30080Kb
 bounds [0x02790000, 0x02a38000, 0x04790000]
 total_blobs=1848 nmethods=1394 adapters=392
 compilation: enabled

Compilation events (10 events):
Event: 10.676 Thread 0x14eaa000 1421   !         javafx.scene.Node::containsBounds (115 bytes)
Event: 10.677 Thread 0x14eaa000 nmethod 1421 0x02a2e208 code [0x02a2e3c0, 0x02a2e894]
Event: 10.688 Thread 0x14eaa000 1422             com.sun.javafx.tk.quantum.GlassScene::getAccessControlContext (22 bytes)
Event: 10.688 Thread 0x14eaa000 nmethod 1422 0x02a2efc8 code [0x02a2f0d0, 0x02a2f1cc]
Event: 10.691 Thread 0x14eaa000 1423             javafx.scene.Node::preprocessMouseEvent (114 bytes)
Event: 10.693 Thread 0x14eaa000 nmethod 1423 0x02a2f288 code [0x02a2f460, 0x02a2fa74]
Event: 10.863 Thread 0x14eaa000 1424             java.util.LinkedHashMap::removeEldestEntry (2 bytes)
Event: 10.863 Thread 0x14eaa000 nmethod 1424 0x02a30188 code [0x02a30280, 0x02a30300]
Event: 10.864 Thread 0x14eaa000 1425             sun.reflect.generics.parser.SignatureParser::advance (37 bytes)
Event: 10.864 Thread 0x14eaa000 nmethod 1425 0x02a30348 code [0x02a30440, 0x02a304c0]

GC Heap History (10 events):
Event: 2.741 GC heap before
{Heap before GC invocations=12 (full 0):
 def new generation   total 4928K, used 1332K [0x04800000, 0x04d50000, 0x09d50000)
  eden space 4416K,  18% used [0x04800000, 0x048cd180, 0x04c50000)
  from space 512K, 100% used [0x04c50000, 0x04cd0000, 0x04cd0000)
  to   space 512K,   0% used [0x04cd0000, 0x04cd0000, 0x04d50000)
 tenured generation   total 10944K, used 10501K [0x09d50000, 0x0a800000, 0x14800000)
   the space 10944K,  95% used [0x09d50000, 0x0a7915e0, 0x0a791600, 0x0a800000)
 Metaspace       used 11772K, capacity 12277K, committed 12288K, reserved 12672K
Event: 2.762 GC heap after
Heap after GC invocations=13 (full 1):
 def new generation   total 8064K, used 0K [0x04800000, 0x050b0000, 0x09d50000)
  eden space 7232K,   0% used [0x04800000, 0x04800000, 0x04f10000)
  from space 832K,   0% used [0x04f10000, 0x04f10000, 0x04fe0000)
  to   space 832K,   0% used [0x04fe0000, 0x04fe0000, 0x050b0000)
 tenured generation   total 17740K, used 10642K [0x09d50000, 0x0aea3000, 0x14800000)
   the space 17740K,  59% used [0x09d50000, 0x0a7b49c8, 0x0a7b4a00, 0x0aea3000)
 Metaspace       used 11772K, capacity 12277K, committed 12288K, reserved 12672K
}
Event: 3.055 GC heap before
{Heap before GC invocations=13 (full 1):
 def new generation   total 8064K, used 7230K [0x04800000, 0x050b0000, 0x09d50000)
  eden space 7232K,  99% used [0x04800000, 0x04f0f9d8, 0x04f10000)
  from space 832K,   0% used [0x04f10000, 0x04f10000, 0x04fe0000)
  to   space 832K,   0% used [0x04fe0000, 0x04fe0000, 0x050b0000)
 tenured generation   total 17740K, used 10642K [0x09d50000, 0x0aea3000, 0x14800000)
   the space 17740K,  59% used [0x09d50000, 0x0a7b49c8, 0x0a7b4a00, 0x0aea3000)
 Metaspace       used 12482K, capacity 13018K, committed 13056K, reserved 13696K
Event: 3.060 GC heap after
Heap after GC invocations=14 (full 1):
 def new generation   total 8064K, used 832K [0x04800000, 0x050b0000, 0x09d50000)
  eden space 7232K,   0% used [0x04800000, 0x04800000, 0x04f10000)
  from space 832K, 100% used [0x04fe0000, 0x050b0000, 0x050b0000)
  to   space 832K,   0% used [0x04f10000, 0x04f10000, 0x04fe0000)
 tenured generation   total 17740K, used 11149K [0x09d50000, 0x0aea3000, 0x14800000)
   the space 17740K,  62% used [0x09d50000, 0x0a833490, 0x0a833600, 0x0aea3000)
 Metaspace       used 12482K, capacity 13018K, committed 13056K, reserved 13696K
}
Event: 3.172 GC heap before
{Heap before GC invocations=14 (full 1):
 def new generation   total 8064K, used 8064K [0x04800000, 0x050b0000, 0x09d50000)
  eden space 7232K, 100% used [0x04800000, 0x04f10000, 0x04f10000)
  from space 832K, 100% used [0x04fe0000, 0x050b0000, 0x050b0000)
  to   space 832K,   0% used [0x04f10000, 0x04f10000, 0x04fe0000)
 tenured generation   total 17740K, used 11149K [0x09d50000, 0x0aea3000, 0x14800000)
   the space 17740K,  62% used [0x09d50000, 0x0a833490, 0x0a833600, 0x0aea3000)
 Metaspace       used 13643K, capacity 14170K, committed 14208K, reserved 14720K
Event: 3.175 GC heap after
Heap after GC invocations=15 (full 1):
 def new generation   total 8064K, used 831K [0x04800000, 0x050b0000, 0x09d50000)
  eden space 7232K,   0% used [0x04800000, 0x04800000, 0x04f10000)
  from space 832K,  99% used [0x04f10000, 0x04fdfff8, 0x04fe0000)
  to   space 832K,   0% used [0x04fe0000, 0x04fe0000, 0x050b0000)
 tenured generation   total 17740K, used 12281K [0x09d50000, 0x0aea3000, 0x14800000)
   the space 17740K,  69% used [0x09d50000, 0x0a94e5d8, 0x0a94e600, 0x0aea3000)
 Metaspace       used 13643K, capacity 14170K, committed 14208K, reserved 14720K
}
Event: 3.285 GC heap before
{Heap before GC invocations=15 (full 1):
 def new generation   total 8064K, used 8063K [0x04800000, 0x050b0000, 0x09d50000)
  eden space 7232K, 100% used [0x04800000, 0x04f10000, 0x04f10000)
  from space 832K,  99% used [0x04f10000, 0x04fdfff8, 0x04fe0000)
  to   space 832K,   0% used [0x04fe0000, 0x04fe0000, 0x050b0000)
 tenured generation   total 17740K, used 12281K [0x09d50000, 0x0aea3000, 0x14800000)
   the space 17740K,  69% used [0x09d50000, 0x0a94e5d8, 0x0a94e600, 0x0aea3000)
 Metaspace       used 14469K, capacity 15002K, committed 15104K, reserved 15744K
Event: 3.288 GC heap after
Heap after GC invocations=16 (full 1):
 def new generation   total 8064K, used 832K [0x04800000, 0x050b0000, 0x09d50000)
  eden space 7232K,   0% used [0x04800000, 0x04800000, 0x04f10000)
  from space 832K, 100% used [0x04fe0000, 0x050b0000, 0x050b0000)
  to   space 832K,   0% used [0x04f10000, 0x04f10000, 0x04fe0000)
 tenured generation   total 17740K, used 12979K [0x09d50000, 0x0aea3000, 0x14800000)
   the space 17740K,  73% used [0x09d50000, 0x0a9fcde0, 0x0a9fce00, 0x0aea3000)
 Metaspace       used 14469K, capacity 15002K, committed 15104K, reserved 15744K
}
Event: 5.125 GC heap before
{Heap before GC invocations=16 (full 1):
 def new generation   total 8064K, used 8064K [0x04800000, 0x050b0000, 0x09d50000)
  eden space 7232K, 100% used [0x04800000, 0x04f10000, 0x04f10000)
  from space 832K, 100% used [0x04fe0000, 0x050b0000, 0x050b0000)
  to   space 832K,   0% used [0x04f10000, 0x04f10000, 0x04fe0000)
 tenured generation   total 17740K, used 12979K [0x09d50000, 0x0aea3000, 0x14800000)
   the space 17740K,  73% used [0x09d50000, 0x0a9fcde0, 0x0a9fce00, 0x0aea3000)
 Metaspace       used 15510K, capacity 16074K, committed 16128K, reserved 16768K
Event: 5.129 GC heap after
Heap after GC invocations=17 (full 1):
 def new generation   total 8064K, used 555K [0x04800000, 0x050b0000, 0x09d50000)
  eden space 7232K,   0% used [0x04800000, 0x04800000, 0x04f10000)
  from space 832K,  66% used [0x04f10000, 0x04f9ade0, 0x04fe0000)
  to   space 832K,   0% used [0x04fe0000, 0x04fe0000, 0x050b0000)
 tenured generation   total 17740K, used 13101K [0x09d50000, 0x0aea3000, 0x14800000)
   the space 17740K,  73% used [0x09d50000, 0x0aa1b5e8, 0x0aa1b600, 0x0aea3000)
 Metaspace       used 15510K, capacity 16074K, committed 16128K, reserved 16768K
}

Deoptimization events (0 events):
No events

Internal exceptions (10 events):
Event: 3.574 Thread 0x1581e000 Exception <a 'java/lang/ArrayIndexOutOfBoundsException'> (0x04942540) thrown at [C:\re\workspace\8-2-build-windows-i586-cygwin\jdk8u101\7261\hotspot\src\share\vm\runtime\sharedRuntime.cpp, line 605]
Event: 3.574 Thread 0x1581e000 Exception <a 'java/lang/ArrayIndexOutOfBoundsException'> (0x04943660) thrown at [C:\re\workspace\8-2-build-windows-i586-cygwin\jdk8u101\7261\hotspot\src\share\vm\runtime\sharedRuntime.cpp, line 605]
Event: 7.692 Thread 0x1581e000 Exception <a 'java/lang/ArrayIndexOutOfBoundsException'> (0x049f7f28) thrown at [C:\re\workspace\8-2-build-windows-i586-cygwin\jdk8u101\7261\hotspot\src\share\vm\runtime\sharedRuntime.cpp, line 605]
Event: 7.693 Thread 0x1581e000 Exception <a 'java/lang/ArrayIndexOutOfBoundsException'> (0x049facb8) thrown at [C:\re\workspace\8-2-build-windows-i586-cygwin\jdk8u101\7261\hotspot\src\share\vm\runtime\sharedRuntime.cpp, line 605]
Event: 7.694 Thread 0x1581e000 Exception <a 'java/lang/ArrayIndexOutOfBoundsException'> (0x049fd180) thrown at [C:\re\workspace\8-2-build-windows-i586-cygwin\jdk8u101\7261\hotspot\src\share\vm\runtime\sharedRuntime.cpp, line 605]
Event: 8.868 Thread 0x15aed400 Exception <a 'java/io/FileNotFoundException'> (0x04c6ed68) thrown at [C:\re\workspace\8-2-build-windows-i586-cygwin\jdk8u101\7261\hotspot\src\share\vm\prims\jni.cpp, line 709]
Event: 8.868 Thread 0x15aed400 Exception <a 'java/io/FileNotFoundException'> (0x04c6f5d0) thrown at [C:\re\workspace\8-2-build-windows-i586-cygwin\jdk8u101\7261\hotspot\src\share\vm\prims\jni.cpp, line 709]
Event: 8.869 Thread 0x15aee400 Exception <a 'java/io/FileNotFoundException'> (0x04c74e20) thrown at [C:\re\workspace\8-2-build-windows-i586-cygwin\jdk8u101\7261\hotspot\src\share\vm\prims\jni.cpp, line 709]
Event: 8.869 Thread 0x15aee400 Exception <a 'java/io/FileNotFoundException'> (0x04c75670) thrown at [C:\re\workspace\8-2-build-windows-i586-cygwin\jdk8u101\7261\hotspot\src\share\vm\prims\jni.cpp, line 709]
Event: 10.864 Thread 0x1581e000 Exception <a 'java/lang/ArrayIndexOutOfBoundsException'> (0x04ebb968) thrown at [C:\re\workspace\8-2-build-windows-i586-cygwin\jdk8u101\7261\hotspot\src\share\vm\runtime\sharedRuntime.cpp, line 605]

Events (10 events):
Event: 10.867 Executing VM operation: ForceSafepoint
Event: 10.867 Executing VM operation: ForceSafepoint done
Event: 10.891 Executing VM operation: GetOrSetLocal
Event: 10.891 Executing VM operation: GetOrSetLocal done
Event: 10.901 Executing VM operation: GetOrSetLocal
Event: 10.901 Executing VM operation: GetOrSetLocal done
Event: 10.923 Executing VM operation: GetOrSetLocal
Event: 10.923 Executing VM operation: GetOrSetLocal done
Event: 10.923 Executing VM operation: GetOrSetLocal
Event: 10.923 Executing VM operation: GetOrSetLocal done


Dynamic libraries:
0x002c0000 - 0x002f3000 	C:\Program Files (x86)\Java\jdk1.8.0_101\bin\java.exe
0x77620000 - 0x777a0000 	C:\Windows\SysWOW64\ntdll.dll
0x75f90000 - 0x760a0000 	C:\Windows\syswow64\kernel32.dll
0x76160000 - 0x761a6000 	C:\Windows\syswow64\KERNELBASE.dll
0x76f30000 - 0x76fd0000 	C:\Windows\syswow64\ADVAPI32.dll
0x760a0000 - 0x7614c000 	C:\Windows\syswow64\msvcrt.dll
0x75710000 - 0x75729000 	C:\Windows\SysWOW64\sechost.dll
0x75ea0000 - 0x75f90000 	C:\Windows\syswow64\RPCRT4.dll
0x75180000 - 0x751e0000 	C:\Windows\syswow64\SspiCli.dll
0x75170000 - 0x7517c000 	C:\Windows\syswow64\CRYPTBASE.dll
0x754e0000 - 0x755e0000 	C:\Windows\syswow64\USER32.dll
0x75600000 - 0x75690000 	C:\Windows\syswow64\GDI32.dll
0x75950000 - 0x7595a000 	C:\Windows\syswow64\LPK.dll
0x75240000 - 0x752dd000 	C:\Windows\syswow64\USP10.dll
0x71d00000 - 0x71e9e000 	C:\Windows\WinSxS\x86_microsoft.windows.common-controls_6595b64144ccf1df_6.0.7601.17514_none_41e6975e2bd6f2b2\COMCTL32.dll
0x751e0000 - 0x75237000 	C:\Windows\syswow64\SHLWAPI.dll
0x76fd0000 - 0x77030000 	C:\Windows\system32\IMM32.DLL
0x75820000 - 0x758ec000 	C:\Windows\syswow64\MSCTF.dll
0x72b90000 - 0x72bc5000 	C:\Windows\SysWOW64\nvinit.dll
0x5cf10000 - 0x5cfcf000 	C:\Program Files (x86)\Java\jdk1.8.0_101\jre\bin\msvcr100.dll
0x5cb40000 - 0x5cf0c000 	C:\Program Files (x86)\Java\jdk1.8.0_101\jre\bin\client\jvm.dll
0x724b0000 - 0x724b7000 	C:\Windows\system32\WSOCK32.dll
0x761e0000 - 0x76215000 	C:\Windows\syswow64\WS2_32.dll
0x76150000 - 0x76156000 	C:\Windows\syswow64\NSI.dll
0x72080000 - 0x720b2000 	C:\Windows\system32\WINMM.dll
0x72710000 - 0x72719000 	C:\Windows\system32\VERSION.dll
0x775f0000 - 0x775f5000 	C:\Windows\syswow64\PSAPI.DLL
0x71b80000 - 0x71b8c000 	C:\Program Files (x86)\Java\jdk1.8.0_101\jre\bin\verify.dll
0x5d060000 - 0x5d081000 	C:\Program Files (x86)\Java\jdk1.8.0_101\jre\bin\java.dll
0x5d010000 - 0x5d039000 	C:\Program Files (x86)\Java\jdk1.8.0_101\jre\bin\jdwp.dll
0x72570000 - 0x72577000 	C:\Program Files (x86)\Java\jdk1.8.0_101\jre\bin\npt.dll
0x5d040000 - 0x5d053000 	C:\Program Files (x86)\Java\jdk1.8.0_101\jre\bin\zip.dll
0x762b0000 - 0x76efa000 	C:\Windows\syswow64\SHELL32.dll
0x77030000 - 0x7718c000 	C:\Windows\syswow64\ole32.dll
0x72b50000 - 0x72b5b000 	C:\Windows\system32\profapi.dll
0x6b510000 - 0x6b518000 	C:\Program Files (x86)\Java\jdk1.8.0_101\jre\bin\dt_socket.dll
0x72ae0000 - 0x72b1c000 	C:\Windows\system32\mswsock.dll
0x72b40000 - 0x72b45000 	C:\Windows\System32\wshtcpip.dll
0x5ca50000 - 0x5cb3e000 	C:\Program Files (x86)\Java\jdk1.8.0_101\jre\bin\msvcr120.dll
0x5c9d0000 - 0x5ca41000 	C:\Program Files (x86)\Java\jdk1.8.0_101\jre\bin\msvcp120.dll
0x5cff0000 - 0x5d00e000 	C:\Program Files (x86)\Java\jdk1.8.0_101\jre\bin\prism_d3d.dll
0x6e7e0000 - 0x6e9a3000 	C:\Windows\system32\d3d9.dll
0x71190000 - 0x71196000 	C:\Windows\system32\d3d8thk.dll
0x71a30000 - 0x71a43000 	C:\Windows\system32\dwmapi.dll
0x71fa0000 - 0x72020000 	C:\Windows\system32\uxtheme.dll
0x160e0000 - 0x166c8000 	C:\Windows\system32\igdumd32.dll
0x5c990000 - 0x5c9c3000 	C:\Program Files (x86)\Java\jdk1.8.0_101\jre\bin\glass.dll
0x75690000 - 0x7570b000 	C:\Windows\syswow64\COMDLG32.dll
0x75790000 - 0x7581f000 	C:\Windows\syswow64\OLEAUT32.dll
0x5a920000 - 0x5c989000 	C:\Program Files (x86)\Java\jdk1.8.0_101\jre\bin\jfxwebkit.dll
0x72520000 - 0x72536000 	C:\Windows\system32\CRYPTSP.dll
0x724e0000 - 0x7251b000 	C:\Windows\system32\rsaenh.dll
0x5cfd0000 - 0x5cfe6000 	C:\Program Files (x86)\Java\jdk1.8.0_101\jre\bin\net.dll
0x72b30000 - 0x72b36000 	C:\Windows\System32\wship6.dll
0x6a5e0000 - 0x6a5ef000 	C:\Program Files (x86)\Java\jdk1.8.0_101\jre\bin\nio.dll
0x5a900000 - 0x5a911000 	C:\Program Files (x86)\Java\jdk1.8.0_101\jre\bin\javafx_font.dll
0x721f0000 - 0x722fa000 	C:\Windows\system32\dwrite.dll
0x76220000 - 0x762a3000 	C:\Windows\syswow64\CLBCatQ.DLL
0x6ce80000 - 0x6cf7b000 	C:\Windows\system32\WindowsCodecs.dll
0x71c10000 - 0x71c5c000 	C:\Windows\system32\apphelp.dll
0x69030000 - 0x69061000 	C:\Windows\system32\EhStorShell.dll
0x75d00000 - 0x75e9d000 	C:\Windows\syswow64\SETUPAPI.dll
0x75970000 - 0x75997000 	C:\Windows\syswow64\CFGMGR32.dll
0x755e0000 - 0x755f2000 	C:\Windows\syswow64\DEVOBJ.dll
0x71ea0000 - 0x71f95000 	C:\Windows\system32\PROPSYS.dll
0x691c0000 - 0x69230000 	C:\Windows\system32\ntshrui.dll
0x720c0000 - 0x720d9000 	C:\Windows\system32\srvcli.dll
0x72370000 - 0x7237b000 	C:\Windows\system32\cscapi.dll
0x691b0000 - 0x691ba000 	C:\Windows\system32\slc.dll
0x5a8d0000 - 0x5a8f1000 	C:\Program Files (x86)\Common Files\Microsoft Shared\Ink\rtscom.dll
0x6c820000 - 0x6c856000 	C:\Program Files\Lenovo\Bluetooth Software\SysWOW64\BtMmHook.dll
0x5a8b0000 - 0x5a8d0000 	C:\Program Files (x86)\Java\jdk1.8.0_101\jre\bin\sunec.dll
0x72b60000 - 0x72b77000 	C:\Windows\system32\USERENV.dll
0x72a70000 - 0x72a8c000 	C:\Windows\system32\IPHLPAPI.DLL
0x72a60000 - 0x72a67000 	C:\Windows\system32\WINNSI.DLL
0x72320000 - 0x72332000 	C:\Windows\system32\dhcpcsvc.DLL
0x72310000 - 0x7231d000 	C:\Windows\system32\dhcpcsvc6.DLL
0x69070000 - 0x69079000 	C:\Program Files (x86)\Java\jdk1.8.0_101\jre\bin\sunmscapi.dll
0x759a0000 - 0x75abd000 	C:\Windows\syswow64\CRYPT32.dll
0x75960000 - 0x7596c000 	C:\Windows\syswow64\MSASN1.dll
0x6bca0000 - 0x6bcb0000 	C:\Windows\system32\NLAapi.dll
0x6aa50000 - 0x6aa60000 	C:\Windows\system32\napinsp.dll
0x6aa30000 - 0x6aa42000 	C:\Windows\system32\pnrpnsp.dll
0x72a90000 - 0x72ad4000 	C:\Windows\system32\DNSAPI.dll
0x6aa20000 - 0x6aa28000 	C:\Windows\System32\winrnr.dll
0x6aa10000 - 0x6aa1d000 	C:\Windows\system32\wshbth.dll
0x72a50000 - 0x72a56000 	C:\Windows\system32\rasadhlp.dll
0x72720000 - 0x72758000 	C:\Windows\System32\fwpuclnt.dll
0x5a890000 - 0x5a89f000 	C:\Program Files (x86)\Java\jdk1.8.0_101\jre\bin\prism_common.dll
0x6cba0000 - 0x6cc8b000 	C:\Windows\system32\dbghelp.dll

VM Arguments:
jvm_args: -agentlib:jdwp=transport=dt_socket,address=127.0.0.1:50020,suspend=y,server=n -Dfile.encoding=UTF-8 
java_command: com.yondu.App
java_class_path (initial): C:\Program Files (x86)\Java\jdk1.8.0_101\jre\lib\charsets.jar;C:\Program Files (x86)\Java\jdk1.8.0_101\jre\lib\deploy.jar;C:\Program Files (x86)\Java\jdk1.8.0_101\jre\lib\ext\access-bridge-32.jar;C:\Program Files (x86)\Java\jdk1.8.0_101\jre\lib\ext\cldrdata.jar;C:\Program Files (x86)\Java\jdk1.8.0_101\jre\lib\ext\dnsns.jar;C:\Program Files (x86)\Java\jdk1.8.0_101\jre\lib\ext\jaccess.jar;C:\Program Files (x86)\Java\jdk1.8.0_101\jre\lib\ext\jfxrt.jar;C:\Program Files (x86)\Java\jdk1.8.0_101\jre\lib\ext\localedata.jar;C:\Program Files (x86)\Java\jdk1.8.0_101\jre\lib\ext\nashorn.jar;C:\Program Files (x86)\Java\jdk1.8.0_101\jre\lib\ext\sunec.jar;C:\Program Files (x86)\Java\jdk1.8.0_101\jre\lib\ext\sunjce_provider.jar;C:\Program Files (x86)\Java\jdk1.8.0_101\jre\lib\ext\sunmscapi.jar;C:\Program Files (x86)\Java\jdk1.8.0_101\jre\lib\ext\sunpkcs11.jar;C:\Program Files (x86)\Java\jdk1.8.0_101\jre\lib\ext\zipfs.jar;C:\Program Files (x86)\Java\jdk1.8.0_101\jre\lib\javaws.jar;C:\Program Files (x86)\Java\jdk1.8.0_101\jre\lib\jce.jar;C:\Program Files (x86)\Java\jdk1.8.0_101\jre\lib\jfr.jar;C:\Program Files (x86)\Java\jdk1.8.0_101\jre\lib\jfxswt.jar;C:\Program Files (x86)\Java\jdk1.8.0_101\jre\lib\jsse.jar;C:\Program Files (x86)\Java\jdk1.8.0_101\jre\lib\management-agent.jar;C:\Program Files (x86)\Java\jdk1.8.0_101\jre\lib\plugin.jar;C:\Program Files (x86)\Java\jdk1.8.0_101\jre\lib\resources.jar;C:\Program Files (x86)\Java\jdk1.8.0_101\jre\lib\rt.jar;C:\Users\erwin\java_projects\rush-pos\target\classes;C:\Users\erwin\.m2\repository\org\apache\httpcomponents\httpcore\4.4\httpcore-4.4.jar;C:\Users\erwin\.m2\repository\com\googlecode\json-simple\json-simple\1.1.1\json-simple-1.1.1.jar;C:\Users\erwin\.m2\repository\junit\junit\4.10\junit-4.10.jar;C:\Users\erwin\.m2\repository\org\hamcrest\hamcrest-core\1.1\hamcrest-core-1.1.jar;C:\Users\erwin\.m2\repository\com\sun\jersey\jersey-client\1.8\jersey-client-1.8.jar;C:\Users\erwin\.m2\repository\com\sun\jersey\
Launcher Type: SUN_STANDARD

Environment Variables:
JAVA_HOME=C:\Program Files (x86)\Java\jdk1.8.0_101
PATH=C:\ProgramData\Oracle\Java\javapath;C:\Program Files (x86)\Intel\iCLS Client\;C:\Program Files\Intel\iCLS Client\;C:\Program Files\Broadcom\Broadcom 802.11 Network Adapter\Driver;C:\Windows\system32;C:\Windows;C:\Windows\System32\Wbem;C:\Windows\System32\WindowsPowerShell\v1.0\;C:\Program Files (x86)\Intel\OpenCL SDK\2.0\bin\x86;C:\Program Files (x86)\Intel\OpenCL SDK\2.0\bin\x64;C:\Program Files\Intel\Intel(R) Management Engine Components\DAL;C:\Program Files\Intel\Intel(R) Management Engine Components\IPT;C:\Program Files (x86)\Intel\Intel(R) Management Engine Components\DAL;C:\Program Files (x86)\Intel\Intel(R) Management Engine Components\IPT;C:\Program Files\Lenovo Fingerprint Reader\;C:\Program Files\Lenovo Fingerprint Reader\x86\;C:\Program Files\Lenovo\Bluetooth Software\;C:\Program Files\Lenovo\Bluetooth Software\syswow64;C:\Program Files (x86)\Skype\Phone\;C:\Program Files\Git\cmd;C:\apache-maven-3.3.9\bin;C:\Program Files (x86)\Java\jdk1.8.0_101\bin
USERNAME=erwin
OS=Windows_NT
PROCESSOR_IDENTIFIER=Intel64 Family 6 Model 58 Stepping 9, GenuineIntel



---------------  S Y S T E M  ---------------

OS: Windows 7 , 64 bit Build 7601 (6.1.7601.17514)

CPU:total 4 (2 cores per cpu, 2 threads per core) family 6 model 58 stepping 9, cmov, cx8, fxsr, mmx, sse, sse2, sse3, ssse3, sse4.1, sse4.2, popcnt, avx, clmul, erms, ht, tsc, tscinvbit, tscinv

Memory: 4k page, physical 7939180k(4302236k free), swap 15876516k(12120956k free)

vm_info: Java HotSpot(TM) Client VM (25.101-b13) for windows-x86 JRE (1.8.0_101-b13), built on Jun 22 2016 00:45:44 by "java_re" with MS VC++ 10.0 (VS2010)

time: Fri Sep 23 09:48:12 2016
elapsed time: 10 seconds (0d 0h 0m 10s)

