#
# A fatal error has been detected by the Java Runtime Environment:
#
#  EXCEPTION_ACCESS_VIOLATION (0xc0000005) at pc=0x59345999, pid=6032, tid=0x000014b8
#
# JRE version: Java(TM) SE Runtime Environment (8.0_101-b13) (build 1.8.0_101-b13)
# Java VM: Java HotSpot(TM) Client VM (25.101-b13 mixed mode windows-x86 )
# Problematic frame:
# C  [jfxwebkit.dll+0xa95999]
#
# Failed to write core dump. Minidumps are not enabled by default on client versions of Windows
#
# If you would like to submit a bug report, please visit:
#   http://bugreport.java.com/bugreport/crash.jsp
# The crash happened outside the Java Virtual Machine in native code.
# See problematic frame for where to report the bug.
#

---------------  T H R E A D  ---------------

Current thread (0x15af3400):  JavaThread "Thread-14" [_thread_in_native, id=5304, stack(0x1b6b0000,0x1b700000)]

siginfo: ExceptionCode=0xc0000005, reading address 0x00000434

Registers:
EAX=0xfffffffc, EBX=0x1d30fca0, ECX=0x1d30fca0, EDX=0x00000000
ESP=0x1b6ff0c4, EBP=0x1b6ff1dc, ESI=0x1d30fca0, EDI=0x18a3fd58
EIP=0x59345999, EFLAGS=0x00010246

Top of Stack: (sp=0x1b6ff0c4)
0x1b6ff0c4:   1d30fca0 1b6ff0f0 18a3fd58 18a3fd58
0x1b6ff0d4:   1ccdbce0 00000000 596b4149 fffffffc
0x1b6ff0e4:   5942196f 1b6ff0f0 18a3fd58 00000000
0x1b6ff0f4:   597bc1b0 1b656450 597bc77c 1ca56bd8
0x1b6ff104:   34fe0766 18a3fd88 00000000 18a3fd60
0x1b6ff114:   1ca56bd8 1b6ff100 1b6ff0f8 5cd5a37e
0x1b6ff124:   5cd5a110 593e1e99 1f74ade8 1b6ff274
0x1b6ff134:   596b5aa8 00000002 594ce77b 0068a850 

Instructions: (pc=0x59345999)
0x59345979:   8b d9 57 ff 74 24 1c c7 44 24 10 00 00 00 00 8b
0x59345989:   57 10 8b 47 14 81 e2 00 00 ff ff 89 44 24 18 51
0x59345999:   8b 82 34 04 00 00 8b d4 57 8b 80 94 52 00 00 8b
0x593459a9:   88 48 02 00 00 8d 44 24 1c 89 0a 8b cb 50 e8 f4 


Register to memory mapping:

EAX=0xfffffffc is an unknown value
EBX=0x1d30fca0 is an unknown value
ECX=0x1d30fca0 is an unknown value
EDX=0x00000000 is an unknown value
ESP=0x1b6ff0c4 is pointing into the stack for thread: 0x15af3400
EBP=0x1b6ff1dc is pointing into the stack for thread: 0x15af3400
ESI=0x1d30fca0 is an unknown value
EDI=0x18a3fd58 is an unknown value


Stack: [0x1b6b0000,0x1b700000],  sp=0x1b6ff0c4,  free space=316k
Native frames: (J=compiled Java code, j=interpreted, Vv=VM code, C=native code)
C  [jfxwebkit.dll+0xa95999]
C  [jfxwebkit.dll+0xbf7e9d]
C  0xfffffffb

Java frames: (J=compiled Java code, j=interpreted, Vv=VM code)
j  com.sun.webkit.dom.JSObject.toStringImpl(JI)Ljava/lang/String;+0
j  com.sun.webkit.dom.JSObject.toString()Ljava/lang/String;+8
v  ~StubRoutines::call_stub
j  com.yondu.service.HomeService.lambda$register$1(Ljava/lang/Object;Ljava/lang/String;)V+0
j  com.yondu.service.HomeService$$Lambda$227.run()V+8
j  java.lang.Thread.run()V+11
v  ~StubRoutines::call_stub

---------------  P R O C E S S  ---------------

Java Threads: ( => current thread )
=>0x15af3400 JavaThread "Thread-14" [_thread_in_native, id=5304, stack(0x1b6b0000,0x1b700000)]
  0x15af6000 JavaThread "Prism Font Disposer" daemon [_thread_blocked, id=5844, stack(0x1cf80000,0x1cfd0000)]
  0x15af4800 JavaThread "Watchdog-Timer-1" daemon [_thread_blocked, id=5712, stack(0x1c650000,0x1c6a0000)]
  0x158e1000 JavaThread "Disposer" daemon [_thread_blocked, id=5328, stack(0x16670000,0x166c0000)]
  0x1582e000 JavaThread "JavaFX-Launcher" [_thread_blocked, id=2232, stack(0x18110000,0x18160000)]
  0x15807400 JavaThread "Thread-2" daemon [_thread_in_native, id=2980, stack(0x180c0000,0x18110000)]
  0x157f7400 JavaThread "JavaFX Application Thread" [_thread_in_native, id=5940, stack(0x16600000,0x16650000)]
  0x157eb800 JavaThread "Thread-1" daemon [_thread_blocked, id=1428, stack(0x16710000,0x16760000)]
  0x15252400 JavaThread "QuantumRenderer-0" daemon [_thread_blocked, id=5148, stack(0x15cb0000,0x15d00000)]
  0x150e3800 JavaThread "Service Thread" daemon [_thread_blocked, id=5516, stack(0x155b0000,0x15600000)]
  0x150da000 JavaThread "C1 CompilerThread0" daemon [_thread_blocked, id=5476, stack(0x15690000,0x156e0000)]
  0x150cf000 JavaThread "JDWP Command Reader" daemon [_thread_in_native, id=5208, stack(0x15340000,0x15390000)]
  0x150ce400 JavaThread "JDWP Event Helper Thread" daemon [_thread_blocked, id=5564, stack(0x15600000,0x15650000)]
  0x150c4c00 JavaThread "JDWP Transport Listener: dt_socket" daemon [_thread_blocked, id=2508, stack(0x153a0000,0x153f0000)]
  0x150cb400 JavaThread "Attach Listener" daemon [_thread_blocked, id=5420, stack(0x15280000,0x152d0000)]
  0x150c8000 JavaThread "Signal Dispatcher" daemon [_thread_blocked, id=3352, stack(0x02020000,0x02070000)]
  0x150a7400 JavaThread "Finalizer" daemon [_thread_blocked, id=3452, stack(0x02700000,0x02750000)]
  0x15082800 JavaThread "Reference Handler" daemon [_thread_blocked, id=2800, stack(0x02600000,0x02650000)]
  0x0022e000 JavaThread "main" [_thread_blocked, id=3708, stack(0x00560000,0x005b0000)]

Other Threads:
  0x0039fc00 VMThread [stack: 0x00830000,0x00880000] [id=3472]
  0x1510b000 WatcherThread [stack: 0x15750000,0x157a0000] [id=5820]

VM state:not at safepoint (normal execution)

VM Mutex/Monitor currently owned by a thread: None

Heap:
 def new generation   total 8640K, used 5001K [0x04c00000, 0x05560000, 0x0a150000)
  eden space 7680K,  58% used [0x04c00000, 0x0506c610, 0x05380000)
  from space 960K,  49% used [0x05470000, 0x054e6028, 0x05560000)
  to   space 960K,   0% used [0x05380000, 0x05380000, 0x05470000)
 tenured generation   total 19160K, used 11493K [0x0a150000, 0x0b406000, 0x14c00000)
   the space 19160K,  59% used [0x0a150000, 0x0ac897f8, 0x0ac89800, 0x0b406000)
 Metaspace       used 15848K, capacity 16447K, committed 16512K, reserved 16768K

Card table byte_map: [0x00700000,0x00790000] byte_map_base: 0x006da000

Polling page: 0x00190000

CodeCache: size=32768Kb used=2754Kb max_used=2754Kb free=30013Kb
 bounds [0x02ae0000, 0x02d98000, 0x04ae0000]
 total_blobs=1923 nmethods=1474 adapters=386
 compilation: enabled

Compilation events (10 events):
Event: 13.867 Thread 0x150da000 1503   !         com.sun.scenario.animation.AbstractMasterTimer::timePulseImpl (157 bytes)
Event: 13.869 Thread 0x150da000 nmethod 1503 0x02d8ff48 code [0x02d900b0, 0x02d90410]
Event: 14.251 Thread 0x150da000 1504             javafx.animation.AnimationTimer::access$000 (5 bytes)
Event: 14.251 Thread 0x150da000 nmethod 1504 0x02d90848 code [0x02d90940, 0x02d909b0]
Event: 14.364 Thread 0x150da000 1505             javafx.beans.property.BooleanPropertyBase::get (29 bytes)
Event: 14.364 Thread 0x150da000 nmethod 1505 0x02d90a48 code [0x02d90b50, 0x02d90c0c]
Event: 14.715 Thread 0x150da000 1506             com.sun.scenario.animation.AbstractMasterTimer::nanos (37 bytes)
Event: 14.716 Thread 0x150da000 nmethod 1506 0x02d90c88 code [0x02d90d80, 0x02d90e60]
Event: 19.771 Thread 0x150da000 1507             com.sun.javafx.sg.prism.NGDefaultCamera::validate (71 bytes)
Event: 19.772 Thread 0x150da000 nmethod 1507 0x02d90ec8 code [0x02d90ff0, 0x02d9113c]

GC Heap History (10 events):
Event: 2.952 GC heap before
{Heap before GC invocations=13 (full 1):
 def new generation   total 5696K, used 5696K [0x04c00000, 0x05220000, 0x0a150000)
  eden space 5120K, 100% used [0x04c00000, 0x05100000, 0x05100000)
  from space 576K, 100% used [0x05100000, 0x05190000, 0x05190000)
  to   space 576K,   0% used [0x05190000, 0x05190000, 0x05220000)
 tenured generation   total 12452K, used 8884K [0x0a150000, 0x0ad79000, 0x14c00000)
   the space 12452K,  71% used [0x0a150000, 0x0a9fd240, 0x0a9fd400, 0x0ad79000)
 Metaspace       used 13573K, capacity 14113K, committed 14208K, reserved 14720K
Event: 2.956 GC heap after
Heap after GC invocations=14 (full 1):
 def new generation   total 5696K, used 575K [0x04c00000, 0x05220000, 0x0a150000)
  eden space 5120K,   0% used [0x04c00000, 0x04c00000, 0x05100000)
  from space 576K,  99% used [0x05190000, 0x0521fff8, 0x05220000)
  to   space 576K,   0% used [0x05100000, 0x05100000, 0x05190000)
 tenured generation   total 12452K, used 9674K [0x0a150000, 0x0ad79000, 0x14c00000)
   the space 12452K,  77% used [0x0a150000, 0x0aac2ac0, 0x0aac2c00, 0x0ad79000)
 Metaspace       used 13573K, capacity 14113K, committed 14208K, reserved 14720K
}
Event: 3.045 GC heap before
{Heap before GC invocations=14 (full 1):
 def new generation   total 5696K, used 5695K [0x04c00000, 0x05220000, 0x0a150000)
  eden space 5120K, 100% used [0x04c00000, 0x05100000, 0x05100000)
  from space 576K,  99% used [0x05190000, 0x0521fff8, 0x05220000)
  to   space 576K,   0% used [0x05100000, 0x05100000, 0x05190000)
 tenured generation   total 12452K, used 9674K [0x0a150000, 0x0ad79000, 0x14c00000)
   the space 12452K,  77% used [0x0a150000, 0x0aac2ac0, 0x0aac2c00, 0x0ad79000)
 Metaspace       used 14184K, capacity 14721K, committed 14848K, reserved 15744K
Event: 3.048 GC heap after
Heap after GC invocations=15 (full 1):
 def new generation   total 5696K, used 576K [0x04c00000, 0x05220000, 0x0a150000)
  eden space 5120K,   0% used [0x04c00000, 0x04c00000, 0x05100000)
  from space 576K, 100% used [0x05100000, 0x05190000, 0x05190000)
  to   space 576K,   0% used [0x05190000, 0x05190000, 0x05220000)
 tenured generation   total 12452K, used 10404K [0x0a150000, 0x0ad79000, 0x14c00000)
   the space 12452K,  83% used [0x0a150000, 0x0ab792e8, 0x0ab79400, 0x0ad79000)
 Metaspace       used 14184K, capacity 14721K, committed 14848K, reserved 15744K
}
Event: 3.302 GC heap before
{Heap before GC invocations=15 (full 1):
 def new generation   total 5696K, used 4447K [0x04c00000, 0x05220000, 0x0a150000)
  eden space 5120K,  75% used [0x04c00000, 0x04fc7f48, 0x05100000)
  from space 576K, 100% used [0x05100000, 0x05190000, 0x05190000)
  to   space 576K,   0% used [0x05190000, 0x05190000, 0x05220000)
 tenured generation   total 12452K, used 10404K [0x0a150000, 0x0ad79000, 0x14c00000)
   the space 12452K,  83% used [0x0a150000, 0x0ab792e8, 0x0ab79400, 0x0ad79000)
 Metaspace       used 14593K, capacity 15138K, committed 15232K, reserved 15744K
Event: 3.307 GC heap after
Heap after GC invocations=16 (full 1):
 def new generation   total 5696K, used 396K [0x04c00000, 0x05220000, 0x0a150000)
  eden space 5120K,   0% used [0x04c00000, 0x04c00000, 0x05100000)
  from space 576K,  68% used [0x05190000, 0x051f3108, 0x05220000)
  to   space 576K,   0% used [0x05100000, 0x05100000, 0x05190000)
 tenured generation   total 12452K, used 10574K [0x0a150000, 0x0ad79000, 0x14c00000)
   the space 12452K,  84% used [0x0a150000, 0x0aba3b40, 0x0aba3c00, 0x0ad79000)
 Metaspace       used 14593K, capacity 15138K, committed 15232K, reserved 15744K
}
Event: 4.314 GC heap before
{Heap before GC invocations=16 (full 1):
 def new generation   total 5696K, used 5516K [0x04c00000, 0x05220000, 0x0a150000)
  eden space 5120K, 100% used [0x04c00000, 0x05100000, 0x05100000)
  from space 576K,  68% used [0x05190000, 0x051f3108, 0x05220000)
  to   space 576K,   0% used [0x05100000, 0x05100000, 0x05190000)
 tenured generation   total 12452K, used 10574K [0x0a150000, 0x0ad79000, 0x14c00000)
   the space 12452K,  84% used [0x0a150000, 0x0aba3b40, 0x0aba3c00, 0x0ad79000)
 Metaspace       used 14704K, capacity 15249K, committed 15360K, reserved 15744K
Event: 4.346 GC heap after
Heap after GC invocations=17 (full 2):
 def new generation   total 8640K, used 0K [0x04c00000, 0x05560000, 0x0a150000)
  eden space 7680K,   0% used [0x04c00000, 0x04c00000, 0x05380000)
  from space 960K,   0% used [0x05380000, 0x05380000, 0x05470000)
  to   space 960K,   0% used [0x05470000, 0x05470000, 0x05560000)
 tenured generation   total 19160K, used 11493K [0x0a150000, 0x0b406000, 0x14c00000)
   the space 19160K,  59% used [0x0a150000, 0x0ac897f8, 0x0ac89800, 0x0b406000)
 Metaspace       used 14704K, capacity 15249K, committed 15360K, reserved 15744K
}
Event: 7.528 GC heap before
{Heap before GC invocations=17 (full 2):
 def new generation   total 8640K, used 7680K [0x04c00000, 0x05560000, 0x0a150000)
  eden space 7680K, 100% used [0x04c00000, 0x05380000, 0x05380000)
  from space 960K,   0% used [0x05380000, 0x05380000, 0x05470000)
  to   space 960K,   0% used [0x05470000, 0x05470000, 0x05560000)
 tenured generation   total 19160K, used 11493K [0x0a150000, 0x0b406000, 0x14c00000)
   the space 19160K,  59% used [0x0a150000, 0x0ac897f8, 0x0ac89800, 0x0b406000)
 Metaspace       used 15793K, capacity 16378K, committed 16384K, reserved 16768K
Event: 7.531 GC heap after
Heap after GC invocations=18 (full 2):
 def new generation   total 8640K, used 472K [0x04c00000, 0x05560000, 0x0a150000)
  eden space 7680K,   0% used [0x04c00000, 0x04c00000, 0x05380000)
  from space 960K,  49% used [0x05470000, 0x054e6028, 0x05560000)
  to   space 960K,   0% used [0x05380000, 0x05380000, 0x05470000)
 tenured generation   total 19160K, used 11493K [0x0a150000, 0x0b406000, 0x14c00000)
   the space 19160K,  59% used [0x0a150000, 0x0ac897f8, 0x0ac89800, 0x0b406000)
 Metaspace       used 15793K, capacity 16378K, committed 16384K, reserved 16768K
}

Deoptimization events (0 events):
No events

Internal exceptions (10 events):
Event: 6.109 Thread 0x157f7400 Implicit null exception at 0x02d31961 to 0x02d319c6
Event: 7.392 Thread 0x157f7400 Exception <a 'java/lang/ArrayIndexOutOfBoundsException'> (0x05226950) thrown at [C:\re\workspace\8-2-build-windows-i586-cygwin\jdk8u101\7261\hotspot\src\share\vm\runtime\sharedRuntime.cpp, line 605]
Event: 7.393 Thread 0x157f7400 Exception <a 'java/lang/ArrayIndexOutOfBoundsException'> (0x052296e0) thrown at [C:\re\workspace\8-2-build-windows-i586-cygwin\jdk8u101\7261\hotspot\src\share\vm\runtime\sharedRuntime.cpp, line 605]
Event: 7.394 Thread 0x157f7400 Exception <a 'java/lang/ArrayIndexOutOfBoundsException'> (0x0522bba8) thrown at [C:\re\workspace\8-2-build-windows-i586-cygwin\jdk8u101\7261\hotspot\src\share\vm\runtime\sharedRuntime.cpp, line 605]
Event: 8.802 Thread 0x15af3400 Exception <a 'java/io/FileNotFoundException'> (0x04d572f0) thrown at [C:\re\workspace\8-2-build-windows-i586-cygwin\jdk8u101\7261\hotspot\src\share\vm\prims\jni.cpp, line 709]
Event: 8.802 Thread 0x15af3400 Exception <a 'java/io/FileNotFoundException'> (0x04d57b58) thrown at [C:\re\workspace\8-2-build-windows-i586-cygwin\jdk8u101\7261\hotspot\src\share\vm\prims\jni.cpp, line 709]
Event: 8.803 Thread 0x15acc000 Exception <a 'java/io/FileNotFoundException'> (0x04d5d9a0) thrown at [C:\re\workspace\8-2-build-windows-i586-cygwin\jdk8u101\7261\hotspot\src\share\vm\prims\jni.cpp, line 709]
Event: 8.803 Thread 0x15acc000 Exception <a 'java/io/FileNotFoundException'> (0x04d5e1f0) thrown at [C:\re\workspace\8-2-build-windows-i586-cygwin\jdk8u101\7261\hotspot\src\share\vm\prims\jni.cpp, line 709]
Event: 10.050 Thread 0x157f7400 Exception <a 'java/lang/ArrayIndexOutOfBoundsException'> (0x04e7a4d0) thrown at [C:\re\workspace\8-2-build-windows-i586-cygwin\jdk8u101\7261\hotspot\src\share\vm\runtime\sharedRuntime.cpp, line 605]
Event: 20.315 Thread 0x157f7400 Exception <a 'java/lang/ArrayIndexOutOfBoundsException'> (0x05059180) thrown at [C:\re\workspace\8-2-build-windows-i586-cygwin\jdk8u101\7261\hotspot\src\share\vm\runtime\sharedRuntime.cpp, line 605]

Events (10 events):
Event: 20.316 Executing VM operation: ForceSafepoint
Event: 20.316 Executing VM operation: ForceSafepoint done
Event: 20.345 Executing VM operation: GetOrSetLocal
Event: 20.345 Executing VM operation: GetOrSetLocal done
Event: 20.353 Executing VM operation: GetOrSetLocal
Event: 20.353 Executing VM operation: GetOrSetLocal done
Event: 20.366 Executing VM operation: GetOrSetLocal
Event: 20.366 Executing VM operation: GetOrSetLocal done
Event: 20.366 Executing VM operation: GetOrSetLocal
Event: 20.366 Executing VM operation: GetOrSetLocal done


Dynamic libraries:
0x00880000 - 0x008b3000 	C:\Program Files (x86)\Java\jdk1.8.0_101\bin\java.exe
0x77620000 - 0x777a0000 	C:\Windows\SysWOW64\ntdll.dll
0x75f90000 - 0x760a0000 	C:\Windows\syswow64\kernel32.dll
0x76160000 - 0x761a6000 	C:\Windows\syswow64\KERNELBASE.dll
0x76f30000 - 0x76fd0000 	C:\Windows\syswow64\ADVAPI32.dll
0x760a0000 - 0x7614c000 	C:\Windows\syswow64\msvcrt.dll
0x75710000 - 0x75729000 	C:\Windows\SysWOW64\sechost.dll
0x75ea0000 - 0x75f90000 	C:\Windows\syswow64\RPCRT4.dll
0x75180000 - 0x751e0000 	C:\Windows\syswow64\SspiCli.dll
0x75170000 - 0x7517c000 	C:\Windows\syswow64\CRYPTBASE.dll
0x754e0000 - 0x755e0000 	C:\Windows\syswow64\USER32.dll
0x75600000 - 0x75690000 	C:\Windows\syswow64\GDI32.dll
0x75950000 - 0x7595a000 	C:\Windows\syswow64\LPK.dll
0x75240000 - 0x752dd000 	C:\Windows\syswow64\USP10.dll
0x71d00000 - 0x71e9e000 	C:\Windows\WinSxS\x86_microsoft.windows.common-controls_6595b64144ccf1df_6.0.7601.17514_none_41e6975e2bd6f2b2\COMCTL32.dll
0x751e0000 - 0x75237000 	C:\Windows\syswow64\SHLWAPI.dll
0x76fd0000 - 0x77030000 	C:\Windows\system32\IMM32.DLL
0x75820000 - 0x758ec000 	C:\Windows\syswow64\MSCTF.dll
0x72b90000 - 0x72bc5000 	C:\Windows\SysWOW64\nvinit.dll
0x5cfd0000 - 0x5d08f000 	C:\Program Files (x86)\Java\jdk1.8.0_101\jre\bin\msvcr100.dll
0x5cc00000 - 0x5cfcc000 	C:\Program Files (x86)\Java\jdk1.8.0_101\jre\bin\client\jvm.dll
0x724b0000 - 0x724b7000 	C:\Windows\system32\WSOCK32.dll
0x761e0000 - 0x76215000 	C:\Windows\syswow64\WS2_32.dll
0x76150000 - 0x76156000 	C:\Windows\syswow64\NSI.dll
0x72080000 - 0x720b2000 	C:\Windows\system32\WINMM.dll
0x72710000 - 0x72719000 	C:\Windows\system32\VERSION.dll
0x775f0000 - 0x775f5000 	C:\Windows\syswow64\PSAPI.DLL
0x72570000 - 0x7257c000 	C:\Program Files (x86)\Java\jdk1.8.0_101\jre\bin\verify.dll
0x5cbd0000 - 0x5cbf1000 	C:\Program Files (x86)\Java\jdk1.8.0_101\jre\bin\java.dll
0x5cb80000 - 0x5cba9000 	C:\Program Files (x86)\Java\jdk1.8.0_101\jre\bin\jdwp.dll
0x71b80000 - 0x71b87000 	C:\Program Files (x86)\Java\jdk1.8.0_101\jre\bin\npt.dll
0x5cbb0000 - 0x5cbc3000 	C:\Program Files (x86)\Java\jdk1.8.0_101\jre\bin\zip.dll
0x762b0000 - 0x76efa000 	C:\Windows\syswow64\SHELL32.dll
0x77030000 - 0x7718c000 	C:\Windows\syswow64\ole32.dll
0x72b50000 - 0x72b5b000 	C:\Windows\system32\profapi.dll
0x6a5e0000 - 0x6a5e8000 	C:\Program Files (x86)\Java\jdk1.8.0_101\jre\bin\dt_socket.dll
0x72ae0000 - 0x72b1c000 	C:\Windows\system32\mswsock.dll
0x72b40000 - 0x72b45000 	C:\Windows\System32\wshtcpip.dll
0x5ca90000 - 0x5cb7e000 	C:\Program Files (x86)\Java\jdk1.8.0_101\jre\bin\msvcr120.dll
0x5ca10000 - 0x5ca81000 	C:\Program Files (x86)\Java\jdk1.8.0_101\jre\bin\msvcp120.dll
0x5c9f0000 - 0x5ca0e000 	C:\Program Files (x86)\Java\jdk1.8.0_101\jre\bin\prism_d3d.dll
0x6e7e0000 - 0x6e9a3000 	C:\Windows\system32\d3d9.dll
0x71190000 - 0x71196000 	C:\Windows\system32\d3d8thk.dll
0x71a30000 - 0x71a43000 	C:\Windows\system32\dwmapi.dll
0x71fa0000 - 0x72020000 	C:\Windows\system32\uxtheme.dll
0x15ef0000 - 0x164d8000 	C:\Windows\system32\igdumd32.dll
0x5c9b0000 - 0x5c9e3000 	C:\Program Files (x86)\Java\jdk1.8.0_101\jre\bin\glass.dll
0x75690000 - 0x7570b000 	C:\Windows\syswow64\COMDLG32.dll
0x75790000 - 0x7581f000 	C:\Windows\syswow64\OLEAUT32.dll
0x588b0000 - 0x5a919000 	C:\Program Files (x86)\Java\jdk1.8.0_101\jre\bin\jfxwebkit.dll
0x72520000 - 0x72536000 	C:\Windows\system32\CRYPTSP.dll
0x724e0000 - 0x7251b000 	C:\Windows\system32\rsaenh.dll
0x5c990000 - 0x5c9a6000 	C:\Program Files (x86)\Java\jdk1.8.0_101\jre\bin\net.dll
0x72b30000 - 0x72b36000 	C:\Windows\System32\wship6.dll
0x6b510000 - 0x6b51f000 	C:\Program Files (x86)\Java\jdk1.8.0_101\jre\bin\nio.dll
0x5c950000 - 0x5c961000 	C:\Program Files (x86)\Java\jdk1.8.0_101\jre\bin\javafx_font.dll
0x721f0000 - 0x722fa000 	C:\Windows\system32\dwrite.dll
0x76220000 - 0x762a3000 	C:\Windows\syswow64\CLBCatQ.DLL
0x6ce80000 - 0x6cf7b000 	C:\Windows\system32\WindowsCodecs.dll
0x71c10000 - 0x71c5c000 	C:\Windows\system32\apphelp.dll
0x69030000 - 0x69061000 	C:\Windows\system32\EhStorShell.dll
0x75d00000 - 0x75e9d000 	C:\Windows\syswow64\SETUPAPI.dll
0x75970000 - 0x75997000 	C:\Windows\syswow64\CFGMGR32.dll
0x755e0000 - 0x755f2000 	C:\Windows\syswow64\DEVOBJ.dll
0x71ea0000 - 0x71f95000 	C:\Windows\system32\PROPSYS.dll
0x691c0000 - 0x69230000 	C:\Windows\system32\ntshrui.dll
0x720c0000 - 0x720d9000 	C:\Windows\system32\srvcli.dll
0x72370000 - 0x7237b000 	C:\Windows\system32\cscapi.dll
0x691b0000 - 0x691ba000 	C:\Windows\system32\slc.dll
0x5c920000 - 0x5c941000 	C:\Program Files (x86)\Common Files\Microsoft Shared\Ink\rtscom.dll
0x6c820000 - 0x6c856000 	C:\Program Files\Lenovo\Bluetooth Software\SysWOW64\BtMmHook.dll
0x5c970000 - 0x5c990000 	C:\Program Files (x86)\Java\jdk1.8.0_101\jre\bin\sunec.dll
0x72b60000 - 0x72b77000 	C:\Windows\system32\USERENV.dll
0x72a70000 - 0x72a8c000 	C:\Windows\system32\IPHLPAPI.DLL
0x72a60000 - 0x72a67000 	C:\Windows\system32\WINNSI.DLL
0x72320000 - 0x72332000 	C:\Windows\system32\dhcpcsvc.DLL
0x72310000 - 0x7231d000 	C:\Windows\system32\dhcpcsvc6.DLL
0x5c910000 - 0x5c919000 	C:\Program Files (x86)\Java\jdk1.8.0_101\jre\bin\sunmscapi.dll
0x759a0000 - 0x75abd000 	C:\Windows\syswow64\CRYPT32.dll
0x75960000 - 0x7596c000 	C:\Windows\syswow64\MSASN1.dll
0x6bca0000 - 0x6bcb0000 	C:\Windows\system32\NLAapi.dll
0x6aa50000 - 0x6aa60000 	C:\Windows\system32\napinsp.dll
0x6aa30000 - 0x6aa42000 	C:\Windows\system32\pnrpnsp.dll
0x72a90000 - 0x72ad4000 	C:\Windows\system32\DNSAPI.dll
0x6aa20000 - 0x6aa28000 	C:\Windows\System32\winrnr.dll
0x6aa10000 - 0x6aa1d000 	C:\Windows\system32\wshbth.dll
0x72a50000 - 0x72a56000 	C:\Windows\system32\rasadhlp.dll
0x72720000 - 0x72758000 	C:\Windows\System32\fwpuclnt.dll
0x5c8f0000 - 0x5c8ff000 	C:\Program Files (x86)\Java\jdk1.8.0_101\jre\bin\prism_common.dll
0x6cba0000 - 0x6cc8b000 	C:\Windows\system32\dbghelp.dll

VM Arguments:
jvm_args: -agentlib:jdwp=transport=dt_socket,address=127.0.0.1:50004,suspend=y,server=n -Dfile.encoding=UTF-8 
java_command: com.yondu.App
java_class_path (initial): C:\Program Files (x86)\Java\jdk1.8.0_101\jre\lib\charsets.jar;C:\Program Files (x86)\Java\jdk1.8.0_101\jre\lib\deploy.jar;C:\Program Files (x86)\Java\jdk1.8.0_101\jre\lib\ext\access-bridge-32.jar;C:\Program Files (x86)\Java\jdk1.8.0_101\jre\lib\ext\cldrdata.jar;C:\Program Files (x86)\Java\jdk1.8.0_101\jre\lib\ext\dnsns.jar;C:\Program Files (x86)\Java\jdk1.8.0_101\jre\lib\ext\jaccess.jar;C:\Program Files (x86)\Java\jdk1.8.0_101\jre\lib\ext\jfxrt.jar;C:\Program Files (x86)\Java\jdk1.8.0_101\jre\lib\ext\localedata.jar;C:\Program Files (x86)\Java\jdk1.8.0_101\jre\lib\ext\nashorn.jar;C:\Program Files (x86)\Java\jdk1.8.0_101\jre\lib\ext\sunec.jar;C:\Program Files (x86)\Java\jdk1.8.0_101\jre\lib\ext\sunjce_provider.jar;C:\Program Files (x86)\Java\jdk1.8.0_101\jre\lib\ext\sunmscapi.jar;C:\Program Files (x86)\Java\jdk1.8.0_101\jre\lib\ext\sunpkcs11.jar;C:\Program Files (x86)\Java\jdk1.8.0_101\jre\lib\ext\zipfs.jar;C:\Program Files (x86)\Java\jdk1.8.0_101\jre\lib\javaws.jar;C:\Program Files (x86)\Java\jdk1.8.0_101\jre\lib\jce.jar;C:\Program Files (x86)\Java\jdk1.8.0_101\jre\lib\jfr.jar;C:\Program Files (x86)\Java\jdk1.8.0_101\jre\lib\jfxswt.jar;C:\Program Files (x86)\Java\jdk1.8.0_101\jre\lib\jsse.jar;C:\Program Files (x86)\Java\jdk1.8.0_101\jre\lib\management-agent.jar;C:\Program Files (x86)\Java\jdk1.8.0_101\jre\lib\plugin.jar;C:\Program Files (x86)\Java\jdk1.8.0_101\jre\lib\resources.jar;C:\Program Files (x86)\Java\jdk1.8.0_101\jre\lib\rt.jar;C:\Users\erwin\java_projects\rush-pos\target\classes;C:\Users\erwin\.m2\repository\org\apache\httpcomponents\httpcore\4.4\httpcore-4.4.jar;C:\Users\erwin\.m2\repository\com\googlecode\json-simple\json-simple\1.1.1\json-simple-1.1.1.jar;C:\Users\erwin\.m2\repository\junit\junit\4.10\junit-4.10.jar;C:\Users\erwin\.m2\repository\org\hamcrest\hamcrest-core\1.1\hamcrest-core-1.1.jar;C:\Users\erwin\.m2\repository\com\sun\jersey\jersey-client\1.8\jersey-client-1.8.jar;C:\Users\erwin\.m2\repository\com\sun\jersey\
Launcher Type: SUN_STANDARD

Environment Variables:
JAVA_HOME=C:\Program Files (x86)\Java\jdk1.8.0_101
PATH=C:\ProgramData\Oracle\Java\javapath;C:\Program Files (x86)\Intel\iCLS Client\;C:\Program Files\Intel\iCLS Client\;C:\Program Files\Broadcom\Broadcom 802.11 Network Adapter\Driver;C:\Windows\system32;C:\Windows;C:\Windows\System32\Wbem;C:\Windows\System32\WindowsPowerShell\v1.0\;C:\Program Files (x86)\Intel\OpenCL SDK\2.0\bin\x86;C:\Program Files (x86)\Intel\OpenCL SDK\2.0\bin\x64;C:\Program Files\Intel\Intel(R) Management Engine Components\DAL;C:\Program Files\Intel\Intel(R) Management Engine Components\IPT;C:\Program Files (x86)\Intel\Intel(R) Management Engine Components\DAL;C:\Program Files (x86)\Intel\Intel(R) Management Engine Components\IPT;C:\Program Files\Lenovo Fingerprint Reader\;C:\Program Files\Lenovo Fingerprint Reader\x86\;C:\Program Files\Lenovo\Bluetooth Software\;C:\Program Files\Lenovo\Bluetooth Software\syswow64;C:\Program Files (x86)\Skype\Phone\;C:\Program Files\Git\cmd;C:\apache-maven-3.3.9\bin;C:\Program Files (x86)\Java\jdk1.8.0_101\bin
USERNAME=erwin
OS=Windows_NT
PROCESSOR_IDENTIFIER=Intel64 Family 6 Model 58 Stepping 9, GenuineIntel



---------------  S Y S T E M  ---------------

OS: Windows 7 , 64 bit Build 7601 (6.1.7601.17514)

CPU:total 4 (2 cores per cpu, 2 threads per core) family 6 model 58 stepping 9, cmov, cx8, fxsr, mmx, sse, sse2, sse3, ssse3, sse4.1, sse4.2, popcnt, avx, clmul, erms, ht, tsc, tscinvbit, tscinv

Memory: 4k page, physical 7939180k(4287744k free), swap 15876516k(12092972k free)

vm_info: Java HotSpot(TM) Client VM (25.101-b13) for windows-x86 JRE (1.8.0_101-b13), built on Jun 22 2016 00:45:44 by "java_re" with MS VC++ 10.0 (VS2010)

time: Fri Sep 23 09:47:55 2016
elapsed time: 20 seconds (0d 0h 0m 20s)

