#
# A fatal error has been detected by the Java Runtime Environment:
#
#  EXCEPTION_ACCESS_VIOLATION (0xc0000005) at pc=0x57dd266c, pid=5612, tid=0x000009a0
#
# JRE version: Java(TM) SE Runtime Environment (8.0_101-b13) (build 1.8.0_101-b13)
# Java VM: Java HotSpot(TM) Client VM (25.101-b13 mixed mode windows-x86 )
# Problematic frame:
# C  [jfxwebkit.dll+0xc2266c]
#
# Failed to write core dump. Minidumps are not enabled by default on client versions of Windows
#
# If you would like to submit a bug report, please visit:
#   http://bugreport.java.com/bugreport/crash.jsp
# The crash happened outside the Java Virtual Machine in native code.
# See problematic frame for where to report the bug.
#

---------------  T H R E A D  ---------------

Current thread (0x15a5b800):  JavaThread "Thread-13" [_thread_in_native, id=2464, stack(0x1b670000,0x1b6c0000)]

siginfo: ExceptionCode=0xc0000005, reading address 0x0000000f

Registers:
EAX=0xfffffffe, EBX=0x0000006b, ECX=0xffffffff, EDX=0x18e18910
ESP=0x1b6bef00, EBP=0x1b6bef8c, ESI=0x1e750124, EDI=0x18b4fd10
EIP=0x57dd266c, EFLAGS=0x00010246

Top of Stack: (sp=0x1b6bef00)
0x1b6bef00:   004fad10 1534f468 1eed4480 b679a158
0x1b6bef10:   004ffea0 15a5b800 1eed4400 1b6bef0c
0x1b6bef20:   1b6bef10 00000002 fffffffb fffffffb
0x1b6bef30:   1e750124 1b6bef44 18b4fc80 18b4fd10
0x1b6bef40:   18b4fd10 0000007c 18b4fc18 15a5b800
0x1b6bef50:   00000006 00000004 15a5b940 1eed4480
0x1b6bef60:   1b6bf0b0 57979b20 18e18910 fffffffb
0x1b6bef70:   57da1b07 15a5b940 15a5b940 1580b334 

Instructions: (pc=0x57dd266c)
0x57dd264c:   8b 40 14 8b 80 44 02 00 00 89 44 24 24 80 78 04
0x57dd265c:   02 0f 84 df 00 00 00 8b 46 08 8b 0c c7 8b 46 18
0x57dd266c:   8b 49 10 8b 7c c1 04 89 7c 24 2c 89 7c 24 28 8b
0x57dd267c:   3c c1 8b 4c 24 2c 8b 46 1c 89 7d 18 89 48 14 89 


Register to memory mapping:

EAX=0xfffffffe is an unknown value
EBX=0x0000006b is an unknown value
ECX=0xffffffff is an unknown value
EDX=0x18e18910 is an unknown value
ESP=0x1b6bef00 is pointing into the stack for thread: 0x15a5b800
EBP=0x1b6bef8c is pointing into the stack for thread: 0x15a5b800
ESI=0x1e750124 is an unknown value
EDI=0x18b4fd10 is an unknown value


Stack: [0x1b670000,0x1b6c0000],  sp=0x1b6bef00,  free space=315k
Native frames: (J=compiled Java code, j=interpreted, Vv=VM code, C=native code)
C  [jfxwebkit.dll+0xc2266c]
C  [jfxwebkit.dll+0xbf7e9d]
C  0xfffffffb

Java frames: (J=compiled Java code, j=interpreted, Vv=VM code)
j  com.sun.webkit.dom.JSObject.toStringImpl(JI)Ljava/lang/String;+0
j  com.sun.webkit.dom.JSObject.toString()Ljava/lang/String;+8
j  com.sun.webkit.dom.JSObject.fwkMakeException(Ljava/lang/Object;)Lnetscape/javascript/JSException;+26
v  ~StubRoutines::call_stub
j  com.sun.webkit.dom.JSObject.evalImpl(JILjava/lang/String;)Ljava/lang/Object;+0
j  com.sun.webkit.dom.JSObject.eval(Ljava/lang/String;)Ljava/lang/Object;+9
j  com.yondu.utils.Java2JavascriptUtils.call(Ljava/lang/Object;Ljava/lang/Object;)V+31
j  com.yondu.service.HomeService.lambda$memberLogin$1(Ljava/lang/Object;Ljava/lang/String;)V+2
j  com.yondu.service.HomeService$$Lambda$230.run()V+8
j  java.lang.Thread.run()V+11
v  ~StubRoutines::call_stub

---------------  P R O C E S S  ---------------

Java Threads: ( => current thread )
  0x15a62800 JavaThread "Thread-14" daemon [_thread_blocked, id=1152, stack(0x1bad0000,0x1bb20000)]
  0x15a5d000 JavaThread "URL-Loader-23" daemon [_thread_blocked, id=5728, stack(0x1cd20000,0x1cd70000)]
  0x15a5bc00 JavaThread "URL-Loader-22" daemon [_thread_blocked, id=3520, stack(0x1b280000,0x1b2d0000)]
=>0x15a5b800 JavaThread "Thread-13" [_thread_in_native, id=2464, stack(0x1b670000,0x1b6c0000)]
  0x15a5c400 JavaThread "URL-Loader-21" daemon [_thread_blocked, id=5716, stack(0x1b080000,0x1b0d0000)]
  0x15a5fc00 JavaThread "Prism Font Disposer" daemon [_thread_blocked, id=4292, stack(0x1cdc0000,0x1ce10000)]
  0x15a5e400 JavaThread "Watchdog-Timer-1" daemon [_thread_blocked, id=5052, stack(0x1b2d0000,0x1b320000)]
  0x158f7c00 JavaThread "Disposer" daemon [_thread_blocked, id=4616, stack(0x185a0000,0x185f0000)]
  0x15876c00 JavaThread "Thread-3" daemon [_thread_in_native, id=5980, stack(0x18190000,0x181e0000)]
  0x15855000 JavaThread "JavaFX Application Thread" [_thread_in_native, id=4940, stack(0x167a0000,0x167f0000)]
  0x15854800 JavaThread "Thread-2" daemon [_thread_blocked, id=3396, stack(0x15c00000,0x15c50000)]
  0x1583b000 JavaThread "QuantumRenderer-0" daemon [_thread_in_Java, id=944, stack(0x15cb0000,0x15d00000)]
  0x157fc800 JavaThread "JavaFX-Launcher" [_thread_blocked, id=4052, stack(0x15d60000,0x15db0000)]
  0x14ff7800 JavaThread "Monitor Ctrl-Break" daemon [_thread_in_native, id=996, stack(0x15450000,0x154a0000)]
  0x14ec2400 JavaThread "Service Thread" daemon [_thread_blocked, id=4768, stack(0x020a0000,0x020f0000)]
  0x14ebbc00 JavaThread "C1 CompilerThread0" daemon [_thread_blocked, id=3696, stack(0x151e0000,0x15230000)]
  0x14ecb800 JavaThread "Attach Listener" daemon [_thread_blocked, id=4496, stack(0x15130000,0x15180000)]
  0x14ec8800 JavaThread "Signal Dispatcher" daemon [_thread_blocked, id=4780, stack(0x15270000,0x152c0000)]
  0x14ea7400 JavaThread "Finalizer" daemon [_thread_blocked, id=5652, stack(0x04990000,0x049e0000)]
  0x14e81c00 JavaThread "Reference Handler" daemon [_thread_blocked, id=5528, stack(0x04830000,0x04880000)]
  0x0064d800 JavaThread "main" [_thread_blocked, id=3360, stack(0x003d0000,0x00420000)]

Other Threads:
  0x0203f800 VMThread [stack: 0x04930000,0x04980000] [id=3624]
  0x14ec5000 WatcherThread [stack: 0x154e0000,0x15530000] [id=2240]

VM state:not at safepoint (normal execution)

VM Mutex/Monitor currently owned by a thread: None

Heap:
 def new generation   total 8256K, used 5974K [0x04a00000, 0x052f0000, 0x09f50000)
  eden space 7360K,  76% used [0x04a00000, 0x04f86c10, 0x05130000)
  from space 896K,  35% used [0x05130000, 0x0517eda8, 0x05210000)
  to   space 896K,   0% used [0x05210000, 0x05210000, 0x052f0000)
 tenured generation   total 18232K, used 13541K [0x09f50000, 0x0b11e000, 0x14a00000)
   the space 18232K,  74% used [0x09f50000, 0x0ac89510, 0x0ac89600, 0x0b11e000)
 Metaspace       used 15666K, capacity 16304K, committed 16384K, reserved 16768K

Card table byte_map: [0x00830000,0x008c0000] byte_map_base: 0x0080b000

Polling page: 0x00190000

CodeCache: size=32768Kb used=3102Kb max_used=3102Kb free=29665Kb
 bounds [0x02810000, 0x02b20000, 0x04810000]
 total_blobs=2311 nmethods=1847 adapters=393
 compilation: enabled

Compilation events (10 events):
Event: 32.125 Thread 0x14ebbc00 1873             javafx.scene.web.WebEngine$PulseTimer$1::handle (1 bytes)
Event: 32.125 Thread 0x14ebbc00 nmethod 1873 0x02b16008 code [0x02b16100, 0x02b16180]
Event: 32.734 Thread 0x14ebbc00 1874             com.sun.javafx.tk.quantum.SceneState::getScene (5 bytes)
Event: 32.734 Thread 0x14ebbc00 nmethod 1874 0x02b161c8 code [0x02b162c0, 0x02b16340]
Event: 34.204 Thread 0x14ebbc00 1875             java.util.Properties::getProperty (46 bytes)
Event: 34.205 Thread 0x14ebbc00 nmethod 1875 0x02b16388 code [0x02b164a0, 0x02b165d8]
Event: 34.212 Thread 0x14ebbc00 1876             org.apache.http.util.Args::notNull (33 bytes)
Event: 34.213 Thread 0x14ebbc00 nmethod 1876 0x02b16688 code [0x02b167c0, 0x02b16a20]
Event: 34.395 Thread 0x14ebbc00 1877             java.lang.Long::getChars (221 bytes)
Event: 34.395 Thread 0x14ebbc00 nmethod 1877 0x02b16bc8 code [0x02b16d10, 0x02b170b0]

GC Heap History (10 events):
Event: 2.791 GC heap before
{Heap before GC invocations=14 (full 1):
 def new generation   total 8256K, used 8255K [0x04a00000, 0x052f0000, 0x09f50000)
  eden space 7360K, 100% used [0x04a00000, 0x05130000, 0x05130000)
  from space 896K,  99% used [0x05210000, 0x052efff8, 0x052f0000)
  to   space 896K,   0% used [0x05130000, 0x05130000, 0x05210000)
 tenured generation   total 18232K, used 11468K [0x09f50000, 0x0b11e000, 0x14a00000)
   the space 18232K,  62% used [0x09f50000, 0x0aa83278, 0x0aa83400, 0x0b11e000)
 Metaspace       used 13619K, capacity 14130K, committed 14208K, reserved 14720K
Event: 2.794 GC heap after
Heap after GC invocations=15 (full 1):
 def new generation   total 8256K, used 896K [0x04a00000, 0x052f0000, 0x09f50000)
  eden space 7360K,   0% used [0x04a00000, 0x04a00000, 0x05130000)
  from space 896K, 100% used [0x05130000, 0x05210000, 0x05210000)
  to   space 896K,   0% used [0x05210000, 0x05210000, 0x052f0000)
 tenured generation   total 18232K, used 12627K [0x09f50000, 0x0b11e000, 0x14a00000)
   the space 18232K,  69% used [0x09f50000, 0x0aba4ed0, 0x0aba5000, 0x0b11e000)
 Metaspace       used 13619K, capacity 14130K, committed 14208K, reserved 14720K
}
Event: 3.114 GC heap before
{Heap before GC invocations=15 (full 1):
 def new generation   total 8256K, used 8256K [0x04a00000, 0x052f0000, 0x09f50000)
  eden space 7360K, 100% used [0x04a00000, 0x05130000, 0x05130000)
  from space 896K, 100% used [0x05130000, 0x05210000, 0x05210000)
  to   space 896K,   0% used [0x05210000, 0x05210000, 0x052f0000)
 tenured generation   total 18232K, used 12627K [0x09f50000, 0x0b11e000, 0x14a00000)
   the space 18232K,  69% used [0x09f50000, 0x0aba4ed0, 0x0aba5000, 0x0b11e000)
 Metaspace       used 14411K, capacity 14935K, committed 14976K, reserved 15744K
Event: 3.117 GC heap after
Heap after GC invocations=16 (full 1):
 def new generation   total 8256K, used 896K [0x04a00000, 0x052f0000, 0x09f50000)
  eden space 7360K,   0% used [0x04a00000, 0x04a00000, 0x05130000)
  from space 896K, 100% used [0x05210000, 0x052f0000, 0x052f0000)
  to   space 896K,   0% used [0x05130000, 0x05130000, 0x05210000)
 tenured generation   total 18232K, used 13041K [0x09f50000, 0x0b11e000, 0x14a00000)
   the space 18232K,  71% used [0x09f50000, 0x0ac0c630, 0x0ac0c800, 0x0b11e000)
 Metaspace       used 14411K, capacity 14935K, committed 14976K, reserved 15744K
}
Event: 5.438 GC heap before
{Heap before GC invocations=16 (full 1):
 def new generation   total 8256K, used 8256K [0x04a00000, 0x052f0000, 0x09f50000)
  eden space 7360K, 100% used [0x04a00000, 0x05130000, 0x05130000)
  from space 896K, 100% used [0x05210000, 0x052f0000, 0x052f0000)
  to   space 896K,   0% used [0x05130000, 0x05130000, 0x05210000)
 tenured generation   total 18232K, used 13041K [0x09f50000, 0x0b11e000, 0x14a00000)
   the space 18232K,  71% used [0x09f50000, 0x0ac0c630, 0x0ac0c800, 0x0b11e000)
 Metaspace       used 15519K, capacity 16109K, committed 16128K, reserved 16768K
Event: 5.443 GC heap after
Heap after GC invocations=17 (full 1):
 def new generation   total 8256K, used 393K [0x04a00000, 0x052f0000, 0x09f50000)
  eden space 7360K,   0% used [0x04a00000, 0x04a00000, 0x05130000)
  from space 896K,  43% used [0x05130000, 0x05192728, 0x05210000)
  to   space 896K,   0% used [0x05210000, 0x05210000, 0x052f0000)
 tenured generation   total 18232K, used 13205K [0x09f50000, 0x0b11e000, 0x14a00000)
   the space 18232K,  72% used [0x09f50000, 0x0ac35638, 0x0ac35800, 0x0b11e000)
 Metaspace       used 15519K, capacity 16109K, committed 16128K, reserved 16768K
}
Event: 11.032 GC heap before
{Heap before GC invocations=17 (full 1):
 def new generation   total 8256K, used 7753K [0x04a00000, 0x052f0000, 0x09f50000)
  eden space 7360K, 100% used [0x04a00000, 0x05130000, 0x05130000)
  from space 896K,  43% used [0x05130000, 0x05192728, 0x05210000)
  to   space 896K,   0% used [0x05210000, 0x05210000, 0x052f0000)
 tenured generation   total 18232K, used 13205K [0x09f50000, 0x0b11e000, 0x14a00000)
   the space 18232K,  72% used [0x09f50000, 0x0ac35638, 0x0ac35800, 0x0b11e000)
 Metaspace       used 15637K, capacity 16262K, committed 16384K, reserved 16768K
Event: 11.035 GC heap after
Heap after GC invocations=18 (full 1):
 def new generation   total 8256K, used 728K [0x04a00000, 0x052f0000, 0x09f50000)
  eden space 7360K,   0% used [0x04a00000, 0x04a00000, 0x05130000)
  from space 896K,  81% used [0x05210000, 0x052c63c8, 0x052f0000)
  to   space 896K,   0% used [0x05130000, 0x05130000, 0x05210000)
 tenured generation   total 18232K, used 13205K [0x09f50000, 0x0b11e000, 0x14a00000)
   the space 18232K,  72% used [0x09f50000, 0x0ac35638, 0x0ac35800, 0x0b11e000)
 Metaspace       used 15637K, capacity 16262K, committed 16384K, reserved 16768K
}
Event: 26.175 GC heap before
{Heap before GC invocations=18 (full 1):
 def new generation   total 8256K, used 8088K [0x04a00000, 0x052f0000, 0x09f50000)
  eden space 7360K, 100% used [0x04a00000, 0x05130000, 0x05130000)
  from space 896K,  81% used [0x05210000, 0x052c63c8, 0x052f0000)
  to   space 896K,   0% used [0x05130000, 0x05130000, 0x05210000)
 tenured generation   total 18232K, used 13205K [0x09f50000, 0x0b11e000, 0x14a00000)
   the space 18232K,  72% used [0x09f50000, 0x0ac35638, 0x0ac35800, 0x0b11e000)
 Metaspace       used 15644K, capacity 16267K, committed 16384K, reserved 16768K
Event: 26.180 GC heap after
Heap after GC invocations=19 (full 1):
 def new generation   total 8256K, used 315K [0x04a00000, 0x052f0000, 0x09f50000)
  eden space 7360K,   0% used [0x04a00000, 0x04a00000, 0x05130000)
  from space 896K,  35% used [0x05130000, 0x0517eda8, 0x05210000)
  to   space 896K,   0% used [0x05210000, 0x05210000, 0x052f0000)
 tenured generation   total 18232K, used 13541K [0x09f50000, 0x0b11e000, 0x14a00000)
   the space 18232K,  74% used [0x09f50000, 0x0ac89510, 0x0ac89600, 0x0b11e000)
 Metaspace       used 15644K, capacity 16267K, committed 16384K, reserved 16768K
}

Deoptimization events (0 events):
No events

Internal exceptions (10 events):
Event: 4.581 Thread 0x15855000 Implicit null exception at 0x02a241a1 to 0x02a24206
Event: 5.412 Thread 0x15855000 Exception <a 'java/lang/ArrayIndexOutOfBoundsException'> (0x050d3108) thrown at [C:\re\workspace\8-2-build-windows-i586-cygwin\jdk8u101\7261\hotspot\src\share\vm\runtime\sharedRuntime.cpp, line 605]
Event: 5.413 Thread 0x15855000 Exception <a 'java/lang/ArrayIndexOutOfBoundsException'> (0x050d5ea8) thrown at [C:\re\workspace\8-2-build-windows-i586-cygwin\jdk8u101\7261\hotspot\src\share\vm\runtime\sharedRuntime.cpp, line 605]
Event: 5.414 Thread 0x15855000 Exception <a 'java/lang/ArrayIndexOutOfBoundsException'> (0x050d8370) thrown at [C:\re\workspace\8-2-build-windows-i586-cygwin\jdk8u101\7261\hotspot\src\share\vm\runtime\sharedRuntime.cpp, line 605]
Event: 6.225 Thread 0x15a5b800 Exception <a 'java/io/FileNotFoundException'> (0x04bdbec0) thrown at [C:\re\workspace\8-2-build-windows-i586-cygwin\jdk8u101\7261\hotspot\src\share\vm\prims\jni.cpp, line 709]
Event: 6.225 Thread 0x15a5b800 Exception <a 'java/io/FileNotFoundException'> (0x04bdc728) thrown at [C:\re\workspace\8-2-build-windows-i586-cygwin\jdk8u101\7261\hotspot\src\share\vm\prims\jni.cpp, line 709]
Event: 6.226 Thread 0x15a5c400 Exception <a 'java/io/FileNotFoundException'> (0x04bff8c0) thrown at [C:\re\workspace\8-2-build-windows-i586-cygwin\jdk8u101\7261\hotspot\src\share\vm\prims\jni.cpp, line 709]
Event: 6.226 Thread 0x15a5c400 Exception <a 'java/io/FileNotFoundException'> (0x04c00110) thrown at [C:\re\workspace\8-2-build-windows-i586-cygwin\jdk8u101\7261\hotspot\src\share\vm\prims\jni.cpp, line 709]
Event: 7.968 Thread 0x15855000 Exception <a 'java/lang/ArrayIndexOutOfBoundsException'> (0x04d6adf0) thrown at [C:\re\workspace\8-2-build-windows-i586-cygwin\jdk8u101\7261\hotspot\src\share\vm\runtime\sharedRuntime.cpp, line 605]
Event: 10.010 Thread 0x15855000 Exception <a 'java/lang/ArrayIndexOutOfBoundsException'> (0x04f7dd58) thrown at [C:\re\workspace\8-2-build-windows-i586-cygwin\jdk8u101\7261\hotspot\src\share\vm\runtime\sharedRuntime.cpp, line 605]

Events (10 events):
Event: 27.004 Executing VM operation: RevokeBias done
Event: 27.006 Executing VM operation: RevokeBias
Event: 27.006 Executing VM operation: RevokeBias done
Event: 27.010 Executing VM operation: RevokeBias
Event: 27.010 Executing VM operation: RevokeBias done
Event: 28.520 Thread 0x15a5c400 Thread added: 0x15a5c400
Event: 34.393 Thread 0x15a5b800 Thread added: 0x15a5b800
Event: 34.394 Thread 0x15a5bc00 Thread added: 0x15a5bc00
Event: 34.402 Thread 0x15a5d000 Thread added: 0x15a5d000
Event: 34.416 Thread 0x15a62800 Thread added: 0x15a62800


Dynamic libraries:
0x00970000 - 0x009a3000 	C:\Program Files (x86)\Java\jdk1.8.0_101\bin\java.exe
0x77a90000 - 0x77c10000 	C:\Windows\SysWOW64\ntdll.dll
0x756f0000 - 0x75800000 	C:\Windows\syswow64\kernel32.dll
0x77080000 - 0x770c6000 	C:\Windows\syswow64\KERNELBASE.dll
0x769e0000 - 0x76a80000 	C:\Windows\syswow64\ADVAPI32.dll
0x76e70000 - 0x76f1c000 	C:\Windows\syswow64\msvcrt.dll
0x76990000 - 0x769a9000 	C:\Windows\SysWOW64\sechost.dll
0x77230000 - 0x77320000 	C:\Windows\syswow64\RPCRT4.dll
0x755f0000 - 0x75650000 	C:\Windows\syswow64\SspiCli.dll
0x755e0000 - 0x755ec000 	C:\Windows\syswow64\CRYPTBASE.dll
0x75800000 - 0x75900000 	C:\Windows\syswow64\USER32.dll
0x75650000 - 0x756e0000 	C:\Windows\syswow64\GDI32.dll
0x756e0000 - 0x756ea000 	C:\Windows\syswow64\LPK.dll
0x775c0000 - 0x7765d000 	C:\Windows\syswow64\USP10.dll
0x74680000 - 0x7481e000 	C:\Windows\WinSxS\x86_microsoft.windows.common-controls_6595b64144ccf1df_6.0.7601.17514_none_41e6975e2bd6f2b2\COMCTL32.dll
0x77420000 - 0x77477000 	C:\Windows\syswow64\SHLWAPI.dll
0x77560000 - 0x775c0000 	C:\Windows\system32\IMM32.DLL
0x77350000 - 0x7741c000 	C:\Windows\syswow64\MSCTF.dll
0x73000000 - 0x73035000 	C:\Windows\SysWOW64\nvinit.dll
0x61750000 - 0x6180f000 	C:\Program Files (x86)\Java\jdk1.8.0_101\jre\bin\msvcr100.dll
0x60b00000 - 0x60ecc000 	C:\Program Files (x86)\Java\jdk1.8.0_101\jre\bin\client\jvm.dll
0x739d0000 - 0x739d7000 	C:\Windows\system32\WSOCK32.dll
0x771f0000 - 0x77225000 	C:\Windows\syswow64\WS2_32.dll
0x769c0000 - 0x769c6000 	C:\Windows\syswow64\NSI.dll
0x73630000 - 0x73662000 	C:\Windows\system32\WINMM.dll
0x74820000 - 0x74829000 	C:\Windows\system32\VERSION.dll
0x77a60000 - 0x77a65000 	C:\Windows\syswow64\PSAPI.DLL
0x618c0000 - 0x618cc000 	C:\Program Files (x86)\Java\jdk1.8.0_101\jre\bin\verify.dll
0x61890000 - 0x618b1000 	C:\Program Files (x86)\Java\jdk1.8.0_101\jre\bin\java.dll
0x61870000 - 0x61883000 	C:\Program Files (x86)\Java\jdk1.8.0_101\jre\bin\zip.dll
0x75a20000 - 0x7666a000 	C:\Windows\syswow64\SHELL32.dll
0x76f20000 - 0x7707c000 	C:\Windows\syswow64\ole32.dll
0x72eb0000 - 0x72ebb000 	C:\Windows\system32\profapi.dll
0x001e0000 - 0x001e7000 	C:\Program Files (x86)\JetBrains\IntelliJ IDEA 2016.2.4\bin\breakgen.dll
0x61850000 - 0x61866000 	C:\Program Files (x86)\Java\jdk1.8.0_101\jre\bin\net.dll
0x72f90000 - 0x72fcc000 	C:\Windows\system32\mswsock.dll
0x72fe0000 - 0x72fe6000 	C:\Windows\System32\wship6.dll
0x611b0000 - 0x6129e000 	C:\Program Files (x86)\Java\jdk1.8.0_101\jre\bin\msvcr120.dll
0x61130000 - 0x611a1000 	C:\Program Files (x86)\Java\jdk1.8.0_101\jre\bin\msvcp120.dll
0x61830000 - 0x6184e000 	C:\Program Files (x86)\Java\jdk1.8.0_101\jre\bin\prism_d3d.dll
0x70a50000 - 0x70c13000 	C:\Windows\system32\d3d9.dll
0x73590000 - 0x73596000 	C:\Windows\system32\d3d8thk.dll
0x73570000 - 0x73583000 	C:\Windows\system32\dwmapi.dll
0x745f0000 - 0x74670000 	C:\Windows\system32\uxtheme.dll
0x15f70000 - 0x16558000 	C:\Windows\system32\igdumd32.dll
0x610f0000 - 0x61123000 	C:\Program Files (x86)\Java\jdk1.8.0_101\jre\bin\glass.dll
0x76810000 - 0x7688b000 	C:\Windows\syswow64\COMDLG32.dll
0x77130000 - 0x771bf000 	C:\Windows\syswow64\OLEAUT32.dll
0x571b0000 - 0x59219000 	C:\Program Files (x86)\Java\jdk1.8.0_101\jre\bin\jfxwebkit.dll
0x73d70000 - 0x73d86000 	C:\Windows\system32\CRYPTSP.dll
0x73d30000 - 0x73d6b000 	C:\Windows\system32\rsaenh.dll
0x61b30000 - 0x61b3f000 	C:\Program Files (x86)\Java\jdk1.8.0_101\jre\bin\nio.dll
0x61810000 - 0x61821000 	C:\Program Files (x86)\Java\jdk1.8.0_101\jre\bin\javafx_font.dll
0x67c50000 - 0x67d5a000 	C:\Windows\system32\dwrite.dll
0x774d0000 - 0x77553000 	C:\Windows\syswow64\CLBCatQ.DLL
0x6f950000 - 0x6fa4b000 	C:\Windows\system32\WindowsCodecs.dll
0x709e0000 - 0x70a2c000 	C:\Windows\system32\apphelp.dll
0x6c5b0000 - 0x6c5e1000 	C:\Windows\system32\EhStorShell.dll
0x76670000 - 0x7680d000 	C:\Windows\syswow64\SETUPAPI.dll
0x77660000 - 0x77687000 	C:\Windows\syswow64\CFGMGR32.dll
0x76b10000 - 0x76b22000 	C:\Windows\syswow64\DEVOBJ.dll
0x73af0000 - 0x73be5000 	C:\Windows\system32\PROPSYS.dll
0x6d630000 - 0x6d6a0000 	C:\Windows\system32\ntshrui.dll
0x748b0000 - 0x748c9000 	C:\Windows\system32\srvcli.dll
0x70a30000 - 0x70a3b000 	C:\Windows\system32\cscapi.dll
0x6d620000 - 0x6d62a000 	C:\Windows\system32\slc.dll
0x610c0000 - 0x610e1000 	C:\Program Files (x86)\Common Files\Microsoft Shared\Ink\rtscom.dll
0x6fb40000 - 0x6fb76000 	C:\Program Files\Lenovo\Bluetooth Software\SysWOW64\BtMmHook.dll
0x610a0000 - 0x610c0000 	C:\Program Files (x86)\Java\jdk1.8.0_101\jre\bin\sunec.dll
0x72ec0000 - 0x72ed7000 	C:\Windows\system32\USERENV.dll
0x72f20000 - 0x72f3c000 	C:\Windows\system32\IPHLPAPI.DLL
0x72f10000 - 0x72f17000 	C:\Windows\system32\WINNSI.DLL
0x72e90000 - 0x72ea2000 	C:\Windows\system32\dhcpcsvc.DLL
0x70580000 - 0x7058d000 	C:\Windows\system32\dhcpcsvc6.DLL
0x61090000 - 0x61099000 	C:\Program Files (x86)\Java\jdk1.8.0_101\jre\bin\sunmscapi.dll
0x75900000 - 0x75a1d000 	C:\Windows\syswow64\CRYPT32.dll
0x769b0000 - 0x769bc000 	C:\Windows\syswow64\MSASN1.dll
0x704a0000 - 0x704b0000 	C:\Windows\system32\NLAapi.dll
0x70380000 - 0x70390000 	C:\Windows\system32\napinsp.dll
0x70360000 - 0x70372000 	C:\Windows\system32\pnrpnsp.dll
0x72f40000 - 0x72f84000 	C:\Windows\system32\DNSAPI.dll
0x70350000 - 0x70358000 	C:\Windows\System32\winrnr.dll
0x70340000 - 0x7034d000 	C:\Windows\system32\wshbth.dll
0x72ff0000 - 0x72ff5000 	C:\Windows\System32\wshtcpip.dll
0x72e70000 - 0x72e76000 	C:\Windows\system32\rasadhlp.dll
0x73fc0000 - 0x73ff8000 	C:\Windows\System32\fwpuclnt.dll
0x61070000 - 0x6107f000 	C:\Program Files (x86)\Java\jdk1.8.0_101\jre\bin\prism_common.dll
0x6fa50000 - 0x6fb3b000 	C:\Windows\system32\dbghelp.dll

VM Arguments:
jvm_args: -Didea.launcher.port=7533 -Didea.launcher.bin.path=C:\Program Files (x86)\JetBrains\IntelliJ IDEA 2016.2.4\bin -Dfile.encoding=UTF-8 
java_command: com.intellij.rt.execution.application.AppMain com.yondu.App
java_class_path (initial): C:\Program Files (x86)\Java\jdk1.8.0_101\jre\lib\charsets.jar;C:\Program Files (x86)\Java\jdk1.8.0_101\jre\lib\deploy.jar;C:\Program Files (x86)\Java\jdk1.8.0_101\jre\lib\ext\access-bridge-32.jar;C:\Program Files (x86)\Java\jdk1.8.0_101\jre\lib\ext\cldrdata.jar;C:\Program Files (x86)\Java\jdk1.8.0_101\jre\lib\ext\dnsns.jar;C:\Program Files (x86)\Java\jdk1.8.0_101\jre\lib\ext\jaccess.jar;C:\Program Files (x86)\Java\jdk1.8.0_101\jre\lib\ext\jfxrt.jar;C:\Program Files (x86)\Java\jdk1.8.0_101\jre\lib\ext\localedata.jar;C:\Program Files (x86)\Java\jdk1.8.0_101\jre\lib\ext\nashorn.jar;C:\Program Files (x86)\Java\jdk1.8.0_101\jre\lib\ext\sunec.jar;C:\Program Files (x86)\Java\jdk1.8.0_101\jre\lib\ext\sunjce_provider.jar;C:\Program Files (x86)\Java\jdk1.8.0_101\jre\lib\ext\sunmscapi.jar;C:\Program Files (x86)\Java\jdk1.8.0_101\jre\lib\ext\sunpkcs11.jar;C:\Program Files (x86)\Java\jdk1.8.0_101\jre\lib\ext\zipfs.jar;C:\Program Files (x86)\Java\jdk1.8.0_101\jre\lib\javaws.jar;C:\Program Files (x86)\Java\jdk1.8.0_101\jre\lib\jce.jar;C:\Program Files (x86)\Java\jdk1.8.0_101\jre\lib\jfr.jar;C:\Program Files (x86)\Java\jdk1.8.0_101\jre\lib\jfxswt.jar;C:\Program Files (x86)\Java\jdk1.8.0_101\jre\lib\jsse.jar;C:\Program Files (x86)\Java\jdk1.8.0_101\jre\lib\management-agent.jar;C:\Program Files (x86)\Java\jdk1.8.0_101\jre\lib\plugin.jar;C:\Program Files (x86)\Java\jdk1.8.0_101\jre\lib\resources.jar;C:\Program Files (x86)\Java\jdk1.8.0_101\jre\lib\rt.jar;C:\Users\erwin\java_projects\rush-pos\target\classes;C:\Users\erwin\.m2\repository\org\apache\httpcomponents\httpcore\4.4\httpcore-4.4.jar;C:\Users\erwin\.m2\repository\com\googlecode\json-simple\json-simple\1.1.1\json-simple-1.1.1.jar;C:\Users\erwin\.m2\repository\junit\junit\4.10\junit-4.10.jar;C:\Users\erwin\.m2\repository\org\hamcrest\hamcrest-core\1.1\hamcrest-core-1.1.jar;C:\Users\erwin\.m2\repository\com\sun\jersey\jersey-client\1.8\jersey-client-1.8.jar;C:\Users\erwin\.m2\repository\com\sun\jersey\
Launcher Type: SUN_STANDARD

Environment Variables:
JAVA_HOME=C:\Program Files (x86)\Java\jdk1.8.0_101
PATH=C:\ProgramData\Oracle\Java\javapath;C:\Program Files (x86)\Intel\iCLS Client\;C:\Program Files\Intel\iCLS Client\;C:\Program Files\Broadcom\Broadcom 802.11 Network Adapter\Driver;C:\Windows\system32;C:\Windows;C:\Windows\System32\Wbem;C:\Windows\System32\WindowsPowerShell\v1.0\;C:\Program Files (x86)\Intel\OpenCL SDK\2.0\bin\x86;C:\Program Files (x86)\Intel\OpenCL SDK\2.0\bin\x64;C:\Program Files\Intel\Intel(R) Management Engine Components\DAL;C:\Program Files\Intel\Intel(R) Management Engine Components\IPT;C:\Program Files (x86)\Intel\Intel(R) Management Engine Components\DAL;C:\Program Files (x86)\Intel\Intel(R) Management Engine Components\IPT;C:\Program Files\Lenovo Fingerprint Reader\;C:\Program Files\Lenovo Fingerprint Reader\x86\;C:\Program Files\Lenovo\Bluetooth Software\;C:\Program Files\Lenovo\Bluetooth Software\syswow64;C:\Program Files (x86)\Skype\Phone\;C:\Program Files\Git\cmd;C:\apache-maven-3.3.9\bin;C:\Program Files (x86)\Java\jdk1.8.0_101\bin
USERNAME=erwin
OS=Windows_NT
PROCESSOR_IDENTIFIER=Intel64 Family 6 Model 58 Stepping 9, GenuineIntel



---------------  S Y S T E M  ---------------

OS: Windows 7 , 64 bit Build 7601 (6.1.7601.17514)

CPU:total 4 (2 cores per cpu, 2 threads per core) family 6 model 58 stepping 9, cmov, cx8, fxsr, mmx, sse, sse2, sse3, ssse3, sse4.1, sse4.2, popcnt, avx, clmul, erms, ht, tsc, tscinvbit, tscinv

Memory: 4k page, physical 7939180k(4507988k free), swap 15876516k(12126020k free)

vm_info: Java HotSpot(TM) Client VM (25.101-b13) for windows-x86 JRE (1.8.0_101-b13), built on Jun 22 2016 00:45:44 by "java_re" with MS VC++ 10.0 (VS2010)

time: Mon Sep 26 08:59:37 2016
elapsed time: 34 seconds (0d 0h 0m 34s)

