0 info it worked if it ends with ok
1 verbose cli [ 'C:\\Program Files\\nodejs\\node.exe',
1 verbose cli   'C:\\Program Files\\nodejs\\node_modules\\npm\\bin\\npm-cli.js',
1 verbose cli   'install' ]
2 info using npm@2.15.9
3 info using node@v4.5.0
4 verbose readDependencies loading dependencies from C:\Users\erwin\java_projects\rush-pos\src\main\resources\package.json
5 warn package.json rush-pos@1.0.0 No description
6 warn package.json rush-pos@1.0.0 No repository field.
7 warn package.json rush-pos@1.0.0 No README data
8 warn package.json rush-pos@1.0.0 No license field.
9 verbose install where, deps [ 'C:\\Users\\erwin\\java_projects\\rush-pos\\src\\main\\resources',
9 verbose install   [ 'angular',
9 verbose install     'bootstrap',
9 verbose install     'jquery',
9 verbose install     'angular-ui-router',
9 verbose install     'angular-bootstrap',
9 verbose install     'angular-modal-service',
9 verbose install     'angular-datatables',
9 verbose install     'angular-ui' ] ]
10 verbose install where, peers [ 'C:\\Users\\erwin\\java_projects\\rush-pos\\src\\main\\resources',
10 verbose install   [] ]
11 verbose installManyTop reading for lifecycle C:\Users\erwin\java_projects\rush-pos\src\main\resources\package.json
12 info preinstall rush-pos@1.0.0
13 verbose installManyTop reading scoped package data from C:\Users\erwin\java_projects\rush-pos\src\main\resources\node_modules\angular\package.json
14 verbose installManyTop reading scoped package data from C:\Users\erwin\java_projects\rush-pos\src\main\resources\node_modules\angular-bootstrap\package.json
15 verbose installManyTop reading scoped package data from C:\Users\erwin\java_projects\rush-pos\src\main\resources\node_modules\angular-modal-service\package.json
16 verbose installManyTop reading scoped package data from C:\Users\erwin\java_projects\rush-pos\src\main\resources\node_modules\angular-ui-router\package.json
17 verbose installManyTop reading scoped package data from C:\Users\erwin\java_projects\rush-pos\src\main\resources\node_modules\bootstrap\package.json
18 verbose installManyTop reading scoped package data from C:\Users\erwin\java_projects\rush-pos\src\main\resources\node_modules\jquery\package.json
19 info package.json angular-bootstrap@0.12.2 No README data
20 verbose readDependencies loading dependencies from C:\Users\erwin\java_projects\rush-pos\src\main\resources\package.json
21 verbose targetResolver reading package data from C:\Users\erwin\java_projects\rush-pos\src\main\resources\node_modules\angular\package.json
22 verbose targetResolver reading package data from C:\Users\erwin\java_projects\rush-pos\src\main\resources\node_modules\angular-bootstrap\package.json
23 verbose targetResolver reading package data from C:\Users\erwin\java_projects\rush-pos\src\main\resources\node_modules\angular-modal-service\package.json
24 verbose targetResolver reading package data from C:\Users\erwin\java_projects\rush-pos\src\main\resources\node_modules\angular-ui-router\package.json
25 verbose targetResolver reading package data from C:\Users\erwin\java_projects\rush-pos\src\main\resources\node_modules\bootstrap\package.json
26 verbose targetResolver reading package data from C:\Users\erwin\java_projects\rush-pos\src\main\resources\node_modules\jquery\package.json
27 verbose already installed skipping jquery@ C:\Users\erwin\java_projects\rush-pos\src\main\resources
28 verbose already installed skipping angular-ui-router@ C:\Users\erwin\java_projects\rush-pos\src\main\resources
29 verbose already installed skipping angular-bootstrap@ C:\Users\erwin\java_projects\rush-pos\src\main\resources
30 verbose already installed skipping angular-modal-service@ C:\Users\erwin\java_projects\rush-pos\src\main\resources
31 silly cache add args [ 'angular-datatables@', null ]
32 verbose cache add spec angular-datatables@
33 silly cache add args [ 'angular-ui@', null ]
34 verbose cache add spec angular-ui@
35 verbose already installed skipping angular@ C:\Users\erwin\java_projects\rush-pos\src\main\resources
36 verbose already installed skipping bootstrap@ C:\Users\erwin\java_projects\rush-pos\src\main\resources
37 silly cache add parsed spec Result {
37 silly cache add   raw: 'angular-datatables@',
37 silly cache add   scope: null,
37 silly cache add   name: 'angular-datatables',
37 silly cache add   rawSpec: '',
37 silly cache add   spec: 'latest',
37 silly cache add   type: 'tag' }
38 silly addNamed angular-datatables@latest
39 verbose addNamed "latest" is being treated as a dist-tag for angular-datatables
40 info addNameTag [ 'angular-datatables', 'latest' ]
41 silly mapToRegistry name angular-datatables
42 silly mapToRegistry using default registry
43 silly mapToRegistry registry https://registry.npmjs.org/
44 silly mapToRegistry data Result {
44 silly mapToRegistry   raw: 'angular-datatables',
44 silly mapToRegistry   scope: null,
44 silly mapToRegistry   name: 'angular-datatables',
44 silly mapToRegistry   rawSpec: '',
44 silly mapToRegistry   spec: 'latest',
44 silly mapToRegistry   type: 'tag' }
45 silly mapToRegistry uri https://registry.npmjs.org/angular-datatables
46 verbose addNameTag registry:https://registry.npmjs.org/angular-datatables not in flight; fetching
47 silly cache add parsed spec Result {
47 silly cache add   raw: 'angular-ui@',
47 silly cache add   scope: null,
47 silly cache add   name: 'angular-ui',
47 silly cache add   rawSpec: '',
47 silly cache add   spec: 'latest',
47 silly cache add   type: 'tag' }
48 silly addNamed angular-ui@latest
49 verbose addNamed "latest" is being treated as a dist-tag for angular-ui
50 info addNameTag [ 'angular-ui', 'latest' ]
51 silly mapToRegistry name angular-ui
52 silly mapToRegistry using default registry
53 silly mapToRegistry registry https://registry.npmjs.org/
54 silly mapToRegistry data Result {
54 silly mapToRegistry   raw: 'angular-ui',
54 silly mapToRegistry   scope: null,
54 silly mapToRegistry   name: 'angular-ui',
54 silly mapToRegistry   rawSpec: '',
54 silly mapToRegistry   spec: 'latest',
54 silly mapToRegistry   type: 'tag' }
55 silly mapToRegistry uri https://registry.npmjs.org/angular-ui
56 verbose addNameTag registry:https://registry.npmjs.org/angular-ui not in flight; fetching
57 verbose request uri https://registry.npmjs.org/angular-datatables
58 verbose request no auth needed
59 info attempt registry request try #1 at 12:25:12 PM
60 verbose request id 143123bce1317737
61 http request GET https://registry.npmjs.org/angular-datatables
62 verbose request uri https://registry.npmjs.org/angular-ui
63 verbose request no auth needed
64 info attempt registry request try #1 at 12:25:13 PM
65 http request GET https://registry.npmjs.org/angular-ui
66 http 200 https://registry.npmjs.org/angular-datatables
67 verbose headers { server: 'CouchDB/1.6.1 (Erlang OTP/R16B03)',
67 verbose headers   etag: '"E2EVI8QDARQ9FVPEVTFEMS3N5"',
67 verbose headers   'content-type': 'application/json',
67 verbose headers   'content-encoding': 'gzip',
67 verbose headers   'cache-control': 'max-age=300',
67 verbose headers   'content-length': '4282',
67 verbose headers   'accept-ranges': 'bytes',
67 verbose headers   date: 'Thu, 06 Oct 2016 04:25:13 GMT',
67 verbose headers   via: '1.1 varnish',
67 verbose headers   age: '0',
67 verbose headers   connection: 'keep-alive',
67 verbose headers   'x-served-by': 'cache-hkg6823-HKG',
67 verbose headers   'x-cache': 'MISS',
67 verbose headers   'x-cache-hits': '0',
67 verbose headers   'x-timer': 'S1475727913.548219,VS0,VE237',
67 verbose headers   vary: 'Accept-Encoding' }
68 silly get cb [ 200,
68 silly get   { server: 'CouchDB/1.6.1 (Erlang OTP/R16B03)',
68 silly get     etag: '"E2EVI8QDARQ9FVPEVTFEMS3N5"',
68 silly get     'content-type': 'application/json',
68 silly get     'content-encoding': 'gzip',
68 silly get     'cache-control': 'max-age=300',
68 silly get     'content-length': '4282',
68 silly get     'accept-ranges': 'bytes',
68 silly get     date: 'Thu, 06 Oct 2016 04:25:13 GMT',
68 silly get     via: '1.1 varnish',
68 silly get     age: '0',
68 silly get     connection: 'keep-alive',
68 silly get     'x-served-by': 'cache-hkg6823-HKG',
68 silly get     'x-cache': 'MISS',
68 silly get     'x-cache-hits': '0',
68 silly get     'x-timer': 'S1475727913.548219,VS0,VE237',
68 silly get     vary: 'Accept-Encoding' } ]
69 verbose get saving angular-datatables to C:\Users\erwin\AppData\Roaming\npm-cache\registry.npmjs.org\angular-datatables\.cache.json
70 verbose correctMkdir C:\Users\erwin\AppData\Roaming\npm-cache correctMkdir not in flight; initializing
71 silly addNameTag next cb for angular-datatables with tag latest
72 silly addNamed angular-datatables@0.5.5
73 verbose addNamed "0.5.5" is a plain semver version for angular-datatables
74 silly mapToRegistry name angular-datatables
75 silly mapToRegistry using default registry
76 silly mapToRegistry registry https://registry.npmjs.org/
77 silly mapToRegistry data Result {
77 silly mapToRegistry   raw: 'angular-datatables',
77 silly mapToRegistry   scope: null,
77 silly mapToRegistry   name: 'angular-datatables',
77 silly mapToRegistry   rawSpec: '',
77 silly mapToRegistry   spec: 'latest',
77 silly mapToRegistry   type: 'tag' }
78 silly mapToRegistry uri https://registry.npmjs.org/angular-datatables
79 verbose addRemoteTarball https://registry.npmjs.org/angular-datatables/-/angular-datatables-0.5.5.tgz not in flight; adding
80 verbose addRemoteTarball [ 'https://registry.npmjs.org/angular-datatables/-/angular-datatables-0.5.5.tgz',
80 verbose addRemoteTarball   'b29c29f9a586361b76ba1cd9b64f056063d9d7f8' ]
81 info retry fetch attempt 1 at 12:25:13 PM
82 info attempt registry request try #1 at 12:25:13 PM
83 http fetch GET https://registry.npmjs.org/angular-datatables/-/angular-datatables-0.5.5.tgz
84 http 404 https://registry.npmjs.org/angular-ui
85 verbose headers { 'content-type': 'application/json',
85 verbose headers   'cache-control': 'max-age=0',
85 verbose headers   'content-length': '2',
85 verbose headers   'accept-ranges': 'bytes',
85 verbose headers   date: 'Thu, 06 Oct 2016 04:25:14 GMT',
85 verbose headers   via: '1.1 varnish',
85 verbose headers   age: '0',
85 verbose headers   connection: 'keep-alive',
85 verbose headers   'x-served-by': 'cache-hkg6826-HKG',
85 verbose headers   'x-cache': 'MISS',
85 verbose headers   'x-cache-hits': '0',
85 verbose headers   'x-timer': 'S1475727913.552817,VS0,VE824',
85 verbose headers   vary: 'Accept-Encoding' }
86 silly get cb [ 404,
86 silly get   { 'content-type': 'application/json',
86 silly get     'cache-control': 'max-age=0',
86 silly get     'content-length': '2',
86 silly get     'accept-ranges': 'bytes',
86 silly get     date: 'Thu, 06 Oct 2016 04:25:14 GMT',
86 silly get     via: '1.1 varnish',
86 silly get     age: '0',
86 silly get     connection: 'keep-alive',
86 silly get     'x-served-by': 'cache-hkg6826-HKG',
86 silly get     'x-cache': 'MISS',
86 silly get     'x-cache-hits': '0',
86 silly get     'x-timer': 'S1475727913.552817,VS0,VE824',
86 silly get     vary: 'Accept-Encoding' } ]
87 http fetch 200 https://registry.npmjs.org/angular-datatables/-/angular-datatables-0.5.5.tgz
88 silly fetchAndShaCheck shasum b29c29f9a586361b76ba1cd9b64f056063d9d7f8
89 verbose addTmpTarball C:\Users\erwin\AppData\Local\Temp\npm-6432-5aa7af90\registry.npmjs.org\angular-datatables\-\angular-datatables-0.5.5.tgz not in flight; adding
90 verbose addTmpTarball already have metadata; skipping unpack for angular-datatables@0.5.5
91 verbose correctMkdir C:\Users\erwin\AppData\Roaming\npm-cache correctMkdir not in flight; initializing
92 silly cache afterAdd angular-datatables@0.5.5
93 verbose afterAdd C:\Users\erwin\AppData\Roaming\npm-cache\angular-datatables\0.5.5\package\package.json not in flight; writing
94 verbose correctMkdir C:\Users\erwin\AppData\Roaming\npm-cache correctMkdir not in flight; initializing
95 verbose afterAdd C:\Users\erwin\AppData\Roaming\npm-cache\angular-datatables\0.5.5\package\package.json written
96 verbose stack Error: Registry returned 404 for GET on https://registry.npmjs.org/angular-ui
96 verbose stack     at makeError (C:\Program Files\nodejs\node_modules\npm\node_modules\npm-registry-client\lib\request.js:264:12)
96 verbose stack     at CachingRegistryClient.<anonymous> (C:\Program Files\nodejs\node_modules\npm\node_modules\npm-registry-client\lib\request.js:242:14)
96 verbose stack     at Request._callback (C:\Program Files\nodejs\node_modules\npm\node_modules\npm-registry-client\lib\request.js:172:14)
96 verbose stack     at Request.self.callback (C:\Program Files\nodejs\node_modules\npm\node_modules\request\request.js:200:22)
96 verbose stack     at emitTwo (events.js:87:13)
96 verbose stack     at Request.emit (events.js:172:7)
96 verbose stack     at Request.<anonymous> (C:\Program Files\nodejs\node_modules\npm\node_modules\request\request.js:1067:10)
96 verbose stack     at emitOne (events.js:82:20)
96 verbose stack     at Request.emit (events.js:169:7)
96 verbose stack     at IncomingMessage.<anonymous> (C:\Program Files\nodejs\node_modules\npm\node_modules\request\request.js:988:12)
97 verbose statusCode 404
98 verbose pkgid angular-ui
99 verbose cwd C:\Users\erwin\java_projects\rush-pos\src\main\resources
100 error Windows_NT 6.1.7601
101 error argv "C:\\Program Files\\nodejs\\node.exe" "C:\\Program Files\\nodejs\\node_modules\\npm\\bin\\npm-cli.js" "install"
102 error node v4.5.0
103 error npm  v2.15.9
104 error code E404
105 error 404 Registry returned 404 for GET on https://registry.npmjs.org/angular-ui
105 error 404
105 error 404 'angular-ui' is not in the npm registry.
105 error 404 You should bug the author to publish it (or use the name yourself!)
105 error 404 It was specified as a dependency of 'rush-pos'
105 error 404
105 error 404 Note that you can also install from a
105 error 404 tarball, folder, http url, or git url.
106 verbose exit [ 1, true ]
